{
  "D:\\CODES\\Redux\\react-router-app\\app\\components\\card\\Card.tsx": {
    "path": "D:\\CODES\\Redux\\react-router-app\\app\\components\\card\\Card.tsx",
    "all": false,
    "statementMap": {
      "0": {
        "start": { "line": 1, "column": 0 },
        "end": { "line": 1, "column": 20 }
      },
      "1": {
        "start": { "line": 2, "column": 0 },
        "end": { "line": 2, "column": 63 }
      },
      "2": {
        "start": { "line": 3, "column": 0 },
        "end": { "line": 3, "column": 55 }
      },
      "3": {
        "start": { "line": 4, "column": 0 },
        "end": { "line": 4, "column": 88 }
      },
      "4": {
        "start": { "line": 5, "column": 0 },
        "end": { "line": 5, "column": 51 }
      },
      "5": {
        "start": { "line": 6, "column": 0 },
        "end": { "line": 6, "column": 0 }
      },
      "6": {
        "start": { "line": 7, "column": 0 },
        "end": { "line": 7, "column": 50 }
      },
      "7": {
        "start": { "line": 8, "column": 0 },
        "end": { "line": 8, "column": 33 }
      },
      "8": {
        "start": { "line": 9, "column": 0 },
        "end": { "line": 9, "column": 36 }
      },
      "9": {
        "start": { "line": 10, "column": 0 },
        "end": { "line": 10, "column": 59 }
      },
      "10": {
        "start": { "line": 11, "column": 0 },
        "end": { "line": 11, "column": 4 }
      },
      "11": {
        "start": { "line": 12, "column": 0 },
        "end": { "line": 12, "column": 0 }
      },
      "12": {
        "start": { "line": 13, "column": 0 },
        "end": { "line": 13, "column": 78 }
      },
      "13": {
        "start": { "line": 14, "column": 0 },
        "end": { "line": 14, "column": 28 }
      },
      "14": {
        "start": { "line": 15, "column": 0 },
        "end": { "line": 15, "column": 43 }
      },
      "15": {
        "start": { "line": 16, "column": 0 },
        "end": { "line": 16, "column": 4 }
      },
      "16": {
        "start": { "line": 17, "column": 0 },
        "end": { "line": 17, "column": 0 }
      },
      "17": {
        "start": { "line": 18, "column": 0 },
        "end": { "line": 18, "column": 10 }
      },
      "18": {
        "start": { "line": 19, "column": 0 },
        "end": { "line": 19, "column": 41 }
      },
      "19": {
        "start": { "line": 20, "column": 0 },
        "end": { "line": 20, "column": 76 }
      },
      "20": {
        "start": { "line": 21, "column": 0 },
        "end": { "line": 21, "column": 47 }
      },
      "21": {
        "start": { "line": 22, "column": 0 },
        "end": { "line": 22, "column": 50 }
      },
      "22": {
        "start": { "line": 23, "column": 0 },
        "end": { "line": 23, "column": 49 }
      },
      "23": {
        "start": { "line": 24, "column": 0 },
        "end": { "line": 24, "column": 12 }
      },
      "24": {
        "start": { "line": 25, "column": 0 },
        "end": { "line": 25, "column": 58 }
      },
      "25": {
        "start": { "line": 26, "column": 0 },
        "end": { "line": 26, "column": 23 }
      },
      "26": {
        "start": { "line": 27, "column": 0 },
        "end": { "line": 27, "column": 49 }
      },
      "27": {
        "start": { "line": 28, "column": 0 },
        "end": { "line": 28, "column": 37 }
      },
      "28": {
        "start": { "line": 29, "column": 0 },
        "end": { "line": 29, "column": 30 }
      },
      "29": {
        "start": { "line": 30, "column": 0 },
        "end": { "line": 30, "column": 8 }
      },
      "30": {
        "start": { "line": 31, "column": 0 },
        "end": { "line": 31, "column": 10 }
      },
      "31": {
        "start": { "line": 32, "column": 0 },
        "end": { "line": 32, "column": 4 }
      },
      "32": {
        "start": { "line": 33, "column": 0 },
        "end": { "line": 33, "column": 2 }
      }
    },
    "s": {
      "0": 1,
      "1": 1,
      "2": 1,
      "3": 1,
      "4": 1,
      "5": 1,
      "6": 1,
      "7": 5,
      "8": 5,
      "9": 5,
      "10": 5,
      "11": 5,
      "12": 5,
      "13": 2,
      "14": 2,
      "15": 5,
      "16": 5,
      "17": 5,
      "18": 5,
      "19": 5,
      "20": 5,
      "21": 5,
      "22": 5,
      "23": 5,
      "24": 5,
      "25": 5,
      "26": 5,
      "27": 5,
      "28": 5,
      "29": 5,
      "30": 5,
      "31": 5,
      "32": 5
    },
    "branchMap": {
      "0": {
        "type": "branch",
        "line": 7,
        "loc": {
          "start": { "line": 7, "column": 20 },
          "end": { "line": 33, "column": 2 }
        },
        "locations": [
          {
            "start": { "line": 7, "column": 20 },
            "end": { "line": 33, "column": 2 }
          }
        ]
      },
      "1": {
        "type": "branch",
        "line": 10,
        "loc": {
          "start": { "line": 10, "column": 4 },
          "end": { "line": 10, "column": 59 }
        },
        "locations": [
          {
            "start": { "line": 10, "column": 4 },
            "end": { "line": 10, "column": 59 }
          }
        ]
      },
      "2": {
        "type": "branch",
        "line": 13,
        "loc": {
          "start": { "line": 13, "column": 30 },
          "end": { "line": 16, "column": 3 }
        },
        "locations": [
          {
            "start": { "line": 13, "column": 30 },
            "end": { "line": 16, "column": 3 }
          }
        ]
      }
    },
    "b": { "0": [5], "1": [10], "2": [2] },
    "fnMap": {
      "0": {
        "name": "Card",
        "decl": {
          "start": { "line": 7, "column": 20 },
          "end": { "line": 33, "column": 2 }
        },
        "loc": {
          "start": { "line": 7, "column": 20 },
          "end": { "line": 33, "column": 2 }
        },
        "line": 7
      },
      "1": {
        "name": "handleCheckboxClick",
        "decl": {
          "start": { "line": 13, "column": 30 },
          "end": { "line": 16, "column": 3 }
        },
        "loc": {
          "start": { "line": 13, "column": 30 },
          "end": { "line": 16, "column": 3 }
        },
        "line": 13
      }
    },
    "f": { "0": 5, "1": 2 }
  },
  "D:\\CODES\\Redux\\react-router-app\\app\\components\\card-list\\CardList.tsx": {
    "path": "D:\\CODES\\Redux\\react-router-app\\app\\components\\card-list\\CardList.tsx",
    "all": false,
    "statementMap": {
      "0": {
        "start": { "line": 1, "column": 0 },
        "end": { "line": 1, "column": 25 }
      },
      "1": {
        "start": { "line": 2, "column": 0 },
        "end": { "line": 2, "column": 49 }
      },
      "2": {
        "start": { "line": 3, "column": 0 },
        "end": { "line": 3, "column": 44 }
      },
      "3": {
        "start": { "line": 4, "column": 0 },
        "end": { "line": 4, "column": 42 }
      },
      "4": {
        "start": { "line": 5, "column": 0 },
        "end": { "line": 5, "column": 36 }
      },
      "5": {
        "start": { "line": 6, "column": 0 },
        "end": { "line": 6, "column": 70 }
      },
      "6": {
        "start": { "line": 7, "column": 0 },
        "end": { "line": 7, "column": 47 }
      },
      "7": {
        "start": { "line": 8, "column": 0 },
        "end": { "line": 8, "column": 65 }
      },
      "8": {
        "start": { "line": 9, "column": 0 },
        "end": { "line": 9, "column": 0 }
      },
      "9": {
        "start": { "line": 10, "column": 0 },
        "end": { "line": 10, "column": 38 }
      },
      "10": {
        "start": { "line": 11, "column": 0 },
        "end": { "line": 11, "column": 56 }
      },
      "11": {
        "start": { "line": 12, "column": 0 },
        "end": { "line": 12, "column": 33 }
      },
      "12": {
        "start": { "line": 13, "column": 0 },
        "end": { "line": 13, "column": 0 }
      },
      "13": {
        "start": { "line": 14, "column": 0 },
        "end": { "line": 14, "column": 36 }
      },
      "14": {
        "start": { "line": 15, "column": 0 },
        "end": { "line": 15, "column": 59 }
      },
      "15": {
        "start": { "line": 16, "column": 0 },
        "end": { "line": 16, "column": 4 }
      },
      "16": {
        "start": { "line": 17, "column": 0 },
        "end": { "line": 17, "column": 0 }
      },
      "17": {
        "start": { "line": 18, "column": 0 },
        "end": { "line": 18, "column": 19 }
      },
      "18": {
        "start": { "line": 19, "column": 0 },
        "end": { "line": 19, "column": 26 }
      },
      "19": {
        "start": { "line": 20, "column": 0 },
        "end": { "line": 20, "column": 13 }
      },
      "20": {
        "start": { "line": 21, "column": 0 },
        "end": { "line": 21, "column": 0 }
      },
      "21": {
        "start": { "line": 22, "column": 0 },
        "end": { "line": 22, "column": 10 }
      },
      "22": {
        "start": { "line": 23, "column": 0 },
        "end": { "line": 23, "column": 51 }
      },
      "23": {
        "start": { "line": 24, "column": 0 },
        "end": { "line": 24, "column": 55 }
      },
      "24": {
        "start": { "line": 25, "column": 0 },
        "end": { "line": 25, "column": 13 }
      },
      "25": {
        "start": { "line": 26, "column": 0 },
        "end": { "line": 26, "column": 70 }
      },
      "26": {
        "start": { "line": 27, "column": 0 },
        "end": { "line": 27, "column": 22 }
      },
      "27": {
        "start": { "line": 28, "column": 0 },
        "end": { "line": 28, "column": 55 }
      },
      "28": {
        "start": { "line": 29, "column": 0 },
        "end": { "line": 29, "column": 9 }
      },
      "29": {
        "start": { "line": 30, "column": 0 },
        "end": { "line": 30, "column": 27 }
      },
      "30": {
        "start": { "line": 31, "column": 0 },
        "end": { "line": 31, "column": 29 }
      },
      "31": {
        "start": { "line": 32, "column": 0 },
        "end": { "line": 32, "column": 16 }
      },
      "32": {
        "start": { "line": 33, "column": 0 },
        "end": { "line": 33, "column": 15 }
      },
      "33": {
        "start": { "line": 34, "column": 0 },
        "end": { "line": 34, "column": 9 }
      },
      "34": {
        "start": { "line": 35, "column": 0 },
        "end": { "line": 35, "column": 48 }
      },
      "35": {
        "start": { "line": 36, "column": 0 },
        "end": { "line": 36, "column": 63 }
      },
      "36": {
        "start": { "line": 37, "column": 0 },
        "end": { "line": 37, "column": 12 }
      },
      "37": {
        "start": { "line": 38, "column": 0 },
        "end": { "line": 38, "column": 10 }
      },
      "38": {
        "start": { "line": 39, "column": 0 },
        "end": { "line": 39, "column": 4 }
      },
      "39": {
        "start": { "line": 40, "column": 0 },
        "end": { "line": 40, "column": 2 }
      },
      "40": {
        "start": { "line": 41, "column": 0 },
        "end": { "line": 41, "column": 0 }
      },
      "41": {
        "start": { "line": 42, "column": 0 },
        "end": { "line": 42, "column": 23 }
      }
    },
    "s": {
      "0": 1,
      "1": 1,
      "2": 1,
      "3": 1,
      "4": 1,
      "5": 1,
      "6": 1,
      "7": 1,
      "8": 1,
      "9": 1,
      "10": 14,
      "11": 14,
      "12": 14,
      "13": 14,
      "14": 14,
      "15": 14,
      "16": 14,
      "17": 14,
      "18": 12,
      "19": 14,
      "20": 14,
      "21": 14,
      "22": 14,
      "23": 14,
      "24": 78,
      "25": 78,
      "26": 78,
      "27": 78,
      "28": 78,
      "29": 78,
      "30": 78,
      "31": 78,
      "32": 78,
      "33": 14,
      "34": 14,
      "35": 14,
      "36": 14,
      "37": 14,
      "38": 14,
      "39": 14,
      "40": 1,
      "41": 1
    },
    "branchMap": {
      "0": {
        "type": "branch",
        "line": 10,
        "loc": {
          "start": { "line": 10, "column": 16 },
          "end": { "line": 40, "column": 2 }
        },
        "locations": [
          {
            "start": { "line": 10, "column": 16 },
            "end": { "line": 40, "column": 2 }
          }
        ]
      },
      "1": {
        "type": "branch",
        "line": 36,
        "loc": {
          "start": { "line": 36, "column": 33 },
          "end": { "line": 36, "column": 62 }
        },
        "locations": [
          {
            "start": { "line": 36, "column": 33 },
            "end": { "line": 36, "column": 62 }
          }
        ]
      },
      "2": {
        "type": "branch",
        "line": 15,
        "loc": {
          "start": { "line": 15, "column": 4 },
          "end": { "line": 15, "column": 59 }
        },
        "locations": [
          {
            "start": { "line": 15, "column": 4 },
            "end": { "line": 15, "column": 59 }
          }
        ]
      },
      "3": {
        "type": "branch",
        "line": 18,
        "loc": {
          "start": { "line": 18, "column": 12 },
          "end": { "line": 20, "column": 3 }
        },
        "locations": [
          {
            "start": { "line": 18, "column": 12 },
            "end": { "line": 20, "column": 3 }
          }
        ]
      },
      "4": {
        "type": "branch",
        "line": 24,
        "loc": {
          "start": { "line": 24, "column": 26 },
          "end": { "line": 33, "column": 15 }
        },
        "locations": [
          {
            "start": { "line": 24, "column": 26 },
            "end": { "line": 33, "column": 15 }
          }
        ]
      },
      "5": {
        "type": "branch",
        "line": 28,
        "loc": {
          "start": { "line": 28, "column": 19 },
          "end": { "line": 28, "column": 54 }
        },
        "locations": [
          {
            "start": { "line": 28, "column": 19 },
            "end": { "line": 28, "column": 54 }
          }
        ]
      }
    },
    "b": { "0": [14], "1": [1], "2": [24], "3": [12], "4": [78], "5": [1] },
    "fnMap": {
      "0": {
        "name": "Results",
        "decl": {
          "start": { "line": 10, "column": 16 },
          "end": { "line": 40, "column": 2 }
        },
        "loc": {
          "start": { "line": 10, "column": 16 },
          "end": { "line": 40, "column": 2 }
        },
        "line": 10
      },
      "1": {
        "name": "onClick",
        "decl": {
          "start": { "line": 28, "column": 19 },
          "end": { "line": 28, "column": 54 }
        },
        "loc": {
          "start": { "line": 28, "column": 19 },
          "end": { "line": 28, "column": 54 }
        },
        "line": 28
      }
    },
    "f": { "0": 14, "1": 1 }
  },
  "D:\\CODES\\Redux\\react-router-app\\app\\components\\error-button\\ErrorButton.tsx": {
    "path": "D:\\CODES\\Redux\\react-router-app\\app\\components\\error-button\\ErrorButton.tsx",
    "all": false,
    "statementMap": {
      "0": {
        "start": { "line": 1, "column": 0 },
        "end": { "line": 1, "column": 28 }
      },
      "1": {
        "start": { "line": 2, "column": 0 },
        "end": { "line": 2, "column": 33 }
      },
      "2": {
        "start": { "line": 3, "column": 0 },
        "end": { "line": 3, "column": 0 }
      },
      "3": {
        "start": { "line": 4, "column": 0 },
        "end": { "line": 4, "column": 27 }
      },
      "4": {
        "start": { "line": 5, "column": 0 },
        "end": { "line": 5, "column": 66 }
      },
      "5": {
        "start": { "line": 6, "column": 0 },
        "end": { "line": 6, "column": 0 }
      },
      "6": {
        "start": { "line": 7, "column": 0 },
        "end": { "line": 7, "column": 29 }
      },
      "7": {
        "start": { "line": 8, "column": 0 },
        "end": { "line": 8, "column": 30 }
      },
      "8": {
        "start": { "line": 9, "column": 0 },
        "end": { "line": 9, "column": 4 }
      },
      "9": {
        "start": { "line": 10, "column": 0 },
        "end": { "line": 10, "column": 0 }
      },
      "10": {
        "start": { "line": 11, "column": 0 },
        "end": { "line": 11, "column": 25 }
      },
      "11": {
        "start": { "line": 12, "column": 0 },
        "end": { "line": 12, "column": 57 }
      },
      "12": {
        "start": { "line": 13, "column": 0 },
        "end": { "line": 13, "column": 3 }
      },
      "13": {
        "start": { "line": 14, "column": 0 },
        "end": { "line": 14, "column": 10 }
      },
      "14": {
        "start": { "line": 15, "column": 0 },
        "end": { "line": 15, "column": 48 }
      },
      "15": {
        "start": { "line": 16, "column": 0 },
        "end": { "line": 16, "column": 19 }
      },
      "16": {
        "start": { "line": 17, "column": 0 },
        "end": { "line": 17, "column": 13 }
      },
      "17": {
        "start": { "line": 18, "column": 0 },
        "end": { "line": 18, "column": 4 }
      },
      "18": {
        "start": { "line": 19, "column": 0 },
        "end": { "line": 19, "column": 2 }
      },
      "19": {
        "start": { "line": 20, "column": 0 },
        "end": { "line": 20, "column": 0 }
      },
      "20": {
        "start": { "line": 21, "column": 0 },
        "end": { "line": 21, "column": 27 }
      }
    },
    "s": {
      "0": 1,
      "1": 1,
      "2": 1,
      "3": 1,
      "4": 14,
      "5": 14,
      "6": 14,
      "7": 2,
      "8": 14,
      "9": 14,
      "10": 14,
      "11": 2,
      "12": 2,
      "13": 11,
      "14": 11,
      "15": 11,
      "16": 11,
      "17": 11,
      "18": 11,
      "19": 1,
      "20": 1
    },
    "branchMap": {
      "0": {
        "type": "branch",
        "line": 4,
        "loc": {
          "start": { "line": 4, "column": 20 },
          "end": { "line": 19, "column": 2 }
        },
        "locations": [
          {
            "start": { "line": 4, "column": 20 },
            "end": { "line": 19, "column": 2 }
          }
        ]
      },
      "1": {
        "type": "branch",
        "line": 11,
        "loc": {
          "start": { "line": 11, "column": 24 },
          "end": { "line": 13, "column": 3 }
        },
        "locations": [
          {
            "start": { "line": 11, "column": 24 },
            "end": { "line": 13, "column": 3 }
          }
        ]
      },
      "2": {
        "type": "branch",
        "line": 14,
        "loc": {
          "start": { "line": 14, "column": -1 },
          "end": { "line": 19, "column": 2 }
        },
        "locations": [
          {
            "start": { "line": 14, "column": -1 },
            "end": { "line": 19, "column": 2 }
          }
        ]
      },
      "3": {
        "type": "branch",
        "line": 7,
        "loc": {
          "start": { "line": 7, "column": 22 },
          "end": { "line": 9, "column": 3 }
        },
        "locations": [
          {
            "start": { "line": 7, "column": 22 },
            "end": { "line": 9, "column": 3 }
          }
        ]
      }
    },
    "b": { "0": [14], "1": [2], "2": [11], "3": [2] },
    "fnMap": {
      "0": {
        "name": "ErrorButton",
        "decl": {
          "start": { "line": 4, "column": 20 },
          "end": { "line": 19, "column": 2 }
        },
        "loc": {
          "start": { "line": 4, "column": 20 },
          "end": { "line": 19, "column": 2 }
        },
        "line": 4
      },
      "1": {
        "name": "errorThrown",
        "decl": {
          "start": { "line": 7, "column": 22 },
          "end": { "line": 9, "column": 3 }
        },
        "loc": {
          "start": { "line": 7, "column": 22 },
          "end": { "line": 9, "column": 3 }
        },
        "line": 7
      }
    },
    "f": { "0": 14, "1": 2 }
  },
  "D:\\CODES\\Redux\\react-router-app\\app\\components\\loader\\Loader.tsx": {
    "path": "D:\\CODES\\Redux\\react-router-app\\app\\components\\loader\\Loader.tsx",
    "all": false,
    "statementMap": {
      "0": {
        "start": { "line": 1, "column": 0 },
        "end": { "line": 1, "column": 22 }
      },
      "1": {
        "start": { "line": 2, "column": 0 },
        "end": { "line": 2, "column": 0 }
      },
      "2": {
        "start": { "line": 3, "column": 0 },
        "end": { "line": 3, "column": 22 }
      },
      "3": {
        "start": { "line": 4, "column": 0 },
        "end": { "line": 4, "column": 10 }
      },
      "4": {
        "start": { "line": 5, "column": 0 },
        "end": { "line": 5, "column": 27 }
      },
      "5": {
        "start": { "line": 6, "column": 0 },
        "end": { "line": 6, "column": 57 }
      },
      "6": {
        "start": { "line": 7, "column": 0 },
        "end": { "line": 7, "column": 10 }
      },
      "7": {
        "start": { "line": 8, "column": 0 },
        "end": { "line": 8, "column": 4 }
      },
      "8": {
        "start": { "line": 9, "column": 0 },
        "end": { "line": 9, "column": 2 }
      },
      "9": {
        "start": { "line": 10, "column": 0 },
        "end": { "line": 10, "column": 0 }
      },
      "10": {
        "start": { "line": 11, "column": 0 },
        "end": { "line": 11, "column": 22 }
      }
    },
    "s": {
      "0": 1,
      "1": 1,
      "2": 1,
      "3": 2,
      "4": 2,
      "5": 2,
      "6": 2,
      "7": 2,
      "8": 2,
      "9": 1,
      "10": 1
    },
    "branchMap": {
      "0": {
        "type": "branch",
        "line": 3,
        "loc": {
          "start": { "line": 3, "column": 15 },
          "end": { "line": 9, "column": 2 }
        },
        "locations": [
          {
            "start": { "line": 3, "column": 15 },
            "end": { "line": 9, "column": 2 }
          }
        ]
      }
    },
    "b": { "0": [2] },
    "fnMap": {
      "0": {
        "name": "Loader",
        "decl": {
          "start": { "line": 3, "column": 15 },
          "end": { "line": 9, "column": 2 }
        },
        "loc": {
          "start": { "line": 3, "column": 15 },
          "end": { "line": 9, "column": 2 }
        },
        "line": 3
      }
    },
    "f": { "0": 2 }
  },
  "D:\\CODES\\Redux\\react-router-app\\app\\components\\pagination\\Pagination.tsx": {
    "path": "D:\\CODES\\Redux\\react-router-app\\app\\components\\pagination\\Pagination.tsx",
    "all": false,
    "statementMap": {
      "0": {
        "start": { "line": 1, "column": 0 },
        "end": { "line": 1, "column": 26 }
      },
      "1": {
        "start": { "line": 2, "column": 0 },
        "end": { "line": 2, "column": 68 }
      },
      "2": {
        "start": { "line": 3, "column": 0 },
        "end": { "line": 3, "column": 70 }
      },
      "3": {
        "start": { "line": 4, "column": 0 },
        "end": { "line": 4, "column": 56 }
      },
      "4": {
        "start": { "line": 5, "column": 0 },
        "end": { "line": 5, "column": 38 }
      },
      "5": {
        "start": { "line": 6, "column": 0 },
        "end": { "line": 6, "column": 0 }
      },
      "6": {
        "start": { "line": 7, "column": 0 },
        "end": { "line": 7, "column": 17 }
      },
      "7": {
        "start": { "line": 8, "column": 0 },
        "end": { "line": 8, "column": 21 }
      },
      "8": {
        "start": { "line": 9, "column": 0 },
        "end": { "line": 9, "column": 21 }
      },
      "9": {
        "start": { "line": 10, "column": 0 },
        "end": { "line": 10, "column": 35 }
      },
      "10": {
        "start": { "line": 11, "column": 0 },
        "end": { "line": 11, "column": 1 }
      },
      "11": {
        "start": { "line": 12, "column": 0 },
        "end": { "line": 12, "column": 0 }
      },
      "12": {
        "start": { "line": 13, "column": 0 },
        "end": { "line": 13, "column": 45 }
      },
      "13": {
        "start": { "line": 14, "column": 0 },
        "end": { "line": 14, "column": 53 }
      },
      "14": {
        "start": { "line": 15, "column": 0 },
        "end": { "line": 15, "column": 0 }
      },
      "15": {
        "start": { "line": 16, "column": 0 },
        "end": { "line": 16, "column": 59 }
      },
      "16": {
        "start": { "line": 17, "column": 0 },
        "end": { "line": 17, "column": 47 }
      },
      "17": {
        "start": { "line": 18, "column": 0 },
        "end": { "line": 18, "column": 46 }
      },
      "18": {
        "start": { "line": 19, "column": 0 },
        "end": { "line": 19, "column": 47 }
      },
      "19": {
        "start": { "line": 20, "column": 0 },
        "end": { "line": 20, "column": 59 }
      },
      "20": {
        "start": { "line": 21, "column": 0 },
        "end": { "line": 21, "column": 64 }
      },
      "21": {
        "start": { "line": 22, "column": 0 },
        "end": { "line": 22, "column": 61 }
      },
      "22": {
        "start": { "line": 23, "column": 0 },
        "end": { "line": 23, "column": 67 }
      },
      "23": {
        "start": { "line": 24, "column": 0 },
        "end": { "line": 24, "column": 52 }
      },
      "24": {
        "start": { "line": 25, "column": 0 },
        "end": { "line": 25, "column": 4 }
      },
      "25": {
        "start": { "line": 26, "column": 0 },
        "end": { "line": 26, "column": 0 }
      },
      "26": {
        "start": { "line": 27, "column": 0 },
        "end": { "line": 27, "column": 10 }
      },
      "27": {
        "start": { "line": 28, "column": 0 },
        "end": { "line": 28, "column": 6 }
      },
      "28": {
        "start": { "line": 29, "column": 0 },
        "end": { "line": 29, "column": 27 }
      },
      "29": {
        "start": { "line": 30, "column": 0 },
        "end": { "line": 30, "column": 15 }
      },
      "30": {
        "start": { "line": 31, "column": 0 },
        "end": { "line": 31, "column": 72 }
      },
      "31": {
        "start": { "line": 32, "column": 0 },
        "end": { "line": 32, "column": 23 }
      },
      "32": {
        "start": { "line": 33, "column": 0 },
        "end": { "line": 33, "column": 49 }
      },
      "33": {
        "start": { "line": 34, "column": 0 },
        "end": { "line": 34, "column": 33 }
      },
      "34": {
        "start": { "line": 35, "column": 0 },
        "end": { "line": 35, "column": 40 }
      },
      "35": {
        "start": { "line": 36, "column": 0 },
        "end": { "line": 36, "column": 9 }
      },
      "36": {
        "start": { "line": 37, "column": 0 },
        "end": { "line": 37, "column": 17 }
      },
      "37": {
        "start": { "line": 38, "column": 0 },
        "end": { "line": 38, "column": 17 }
      },
      "38": {
        "start": { "line": 39, "column": 0 },
        "end": { "line": 39, "column": 15 }
      },
      "39": {
        "start": { "line": 40, "column": 0 },
        "end": { "line": 40, "column": 72 }
      },
      "40": {
        "start": { "line": 41, "column": 0 },
        "end": { "line": 41, "column": 23 }
      },
      "41": {
        "start": { "line": 42, "column": 0 },
        "end": { "line": 42, "column": 49 }
      },
      "42": {
        "start": { "line": 43, "column": 0 },
        "end": { "line": 43, "column": 33 }
      },
      "43": {
        "start": { "line": 44, "column": 0 },
        "end": { "line": 44, "column": 40 }
      },
      "44": {
        "start": { "line": 45, "column": 0 },
        "end": { "line": 45, "column": 9 }
      },
      "45": {
        "start": { "line": 46, "column": 0 },
        "end": { "line": 46, "column": 17 }
      },
      "46": {
        "start": { "line": 47, "column": 0 },
        "end": { "line": 47, "column": 17 }
      },
      "47": {
        "start": { "line": 48, "column": 0 },
        "end": { "line": 48, "column": 12 }
      },
      "48": {
        "start": { "line": 49, "column": 0 },
        "end": { "line": 49, "column": 7 }
      },
      "49": {
        "start": { "line": 50, "column": 0 },
        "end": { "line": 50, "column": 4 }
      },
      "50": {
        "start": { "line": 51, "column": 0 },
        "end": { "line": 51, "column": 2 }
      }
    },
    "s": {
      "0": 1,
      "1": 1,
      "2": 1,
      "3": 1,
      "4": 1,
      "5": 1,
      "6": 1,
      "7": 1,
      "8": 1,
      "9": 1,
      "10": 1,
      "11": 1,
      "12": 1,
      "13": 13,
      "14": 13,
      "15": 13,
      "16": 4,
      "17": 4,
      "18": 3,
      "19": 3,
      "20": 3,
      "21": 3,
      "22": 3,
      "23": 4,
      "24": 13,
      "25": 13,
      "26": 13,
      "27": 13,
      "28": 13,
      "29": 13,
      "30": 13,
      "31": 13,
      "32": 13,
      "33": 13,
      "34": 13,
      "35": 13,
      "36": 13,
      "37": 13,
      "38": 13,
      "39": 13,
      "40": 13,
      "41": 13,
      "42": 13,
      "43": 13,
      "44": 13,
      "45": 13,
      "46": 13,
      "47": 13,
      "48": 13,
      "49": 13,
      "50": 13
    },
    "branchMap": {
      "0": {
        "type": "branch",
        "line": 13,
        "loc": {
          "start": { "line": 13, "column": 26 },
          "end": { "line": 51, "column": 2 }
        },
        "locations": [
          {
            "start": { "line": 13, "column": 26 },
            "end": { "line": 51, "column": 2 }
          }
        ]
      },
      "1": {
        "type": "branch",
        "line": 31,
        "loc": {
          "start": { "line": 31, "column": 49 },
          "end": { "line": 31, "column": 57 }
        },
        "locations": [
          {
            "start": { "line": 31, "column": 49 },
            "end": { "line": 31, "column": 57 }
          }
        ]
      },
      "2": {
        "type": "branch",
        "line": 31,
        "loc": {
          "start": { "line": 31, "column": 58 },
          "end": { "line": 31, "column": 69 }
        },
        "locations": [
          {
            "start": { "line": 31, "column": 58 },
            "end": { "line": 31, "column": 69 }
          }
        ]
      },
      "3": {
        "type": "branch",
        "line": 40,
        "loc": {
          "start": { "line": 40, "column": 49 },
          "end": { "line": 40, "column": 57 }
        },
        "locations": [
          {
            "start": { "line": 40, "column": 49 },
            "end": { "line": 40, "column": 57 }
          }
        ]
      },
      "4": {
        "type": "branch",
        "line": 40,
        "loc": {
          "start": { "line": 40, "column": 58 },
          "end": { "line": 40, "column": 69 }
        },
        "locations": [
          {
            "start": { "line": 40, "column": 58 },
            "end": { "line": 40, "column": 69 }
          }
        ]
      },
      "5": {
        "type": "branch",
        "line": 16,
        "loc": {
          "start": { "line": 16, "column": 26 },
          "end": { "line": 25, "column": 3 }
        },
        "locations": [
          {
            "start": { "line": 16, "column": 26 },
            "end": { "line": 25, "column": 3 }
          }
        ]
      },
      "6": {
        "type": "branch",
        "line": 18,
        "loc": {
          "start": { "line": 18, "column": 45 },
          "end": { "line": 24, "column": 5 }
        },
        "locations": [
          {
            "start": { "line": 18, "column": 45 },
            "end": { "line": 24, "column": 5 }
          }
        ]
      },
      "7": {
        "type": "branch",
        "line": 20,
        "loc": {
          "start": { "line": 20, "column": 53 },
          "end": { "line": 20, "column": 58 }
        },
        "locations": [
          {
            "start": { "line": 20, "column": 53 },
            "end": { "line": 20, "column": 58 }
          }
        ]
      },
      "8": {
        "type": "branch",
        "line": 21,
        "loc": {
          "start": { "line": 21, "column": 57 },
          "end": { "line": 21, "column": 63 }
        },
        "locations": [
          {
            "start": { "line": 21, "column": 57 },
            "end": { "line": 21, "column": 63 }
          }
        ]
      },
      "9": {
        "type": "branch",
        "line": 22,
        "loc": {
          "start": { "line": 22, "column": 50 },
          "end": { "line": 22, "column": 57 }
        },
        "locations": [
          {
            "start": { "line": 22, "column": 50 },
            "end": { "line": 22, "column": 57 }
          }
        ]
      },
      "10": {
        "type": "branch",
        "line": 24,
        "loc": {
          "start": { "line": 24, "column": 5 },
          "end": { "line": 24, "column": 52 }
        },
        "locations": [
          {
            "start": { "line": 24, "column": 5 },
            "end": { "line": 24, "column": 52 }
          }
        ]
      },
      "11": {
        "type": "branch",
        "line": 33,
        "loc": {
          "start": { "line": 33, "column": 19 },
          "end": { "line": 33, "column": 48 }
        },
        "locations": [
          {
            "start": { "line": 33, "column": 19 },
            "end": { "line": 33, "column": 48 }
          }
        ]
      },
      "12": {
        "type": "branch",
        "line": 42,
        "loc": {
          "start": { "line": 42, "column": 19 },
          "end": { "line": 42, "column": 48 }
        },
        "locations": [
          {
            "start": { "line": 42, "column": 19 },
            "end": { "line": 42, "column": 48 }
          }
        ]
      }
    },
    "b": {
      "0": [13],
      "1": [1],
      "2": [12],
      "3": [1],
      "4": [12],
      "5": [4],
      "6": [3],
      "7": [1],
      "8": [1],
      "9": [0],
      "10": [1],
      "11": [3],
      "12": [1]
    },
    "fnMap": {
      "0": {
        "name": "Pagination",
        "decl": {
          "start": { "line": 13, "column": 26 },
          "end": { "line": 51, "column": 2 }
        },
        "loc": {
          "start": { "line": 13, "column": 26 },
          "end": { "line": 51, "column": 2 }
        },
        "line": 13
      },
      "1": {
        "name": "clickPagination",
        "decl": {
          "start": { "line": 16, "column": 26 },
          "end": { "line": 25, "column": 3 }
        },
        "loc": {
          "start": { "line": 16, "column": 26 },
          "end": { "line": 25, "column": 3 }
        },
        "line": 16
      },
      "2": {
        "name": "onClick",
        "decl": {
          "start": { "line": 33, "column": 19 },
          "end": { "line": 33, "column": 48 }
        },
        "loc": {
          "start": { "line": 33, "column": 19 },
          "end": { "line": 33, "column": 48 }
        },
        "line": 33
      },
      "3": {
        "name": "onClick",
        "decl": {
          "start": { "line": 42, "column": 19 },
          "end": { "line": 42, "column": 48 }
        },
        "loc": {
          "start": { "line": 42, "column": 19 },
          "end": { "line": 42, "column": 48 }
        },
        "line": 42
      }
    },
    "f": { "0": 13, "1": 4, "2": 3, "3": 1 }
  },
  "D:\\CODES\\Redux\\react-router-app\\app\\components\\search-bar\\SearchBar.tsx": {
    "path": "D:\\CODES\\Redux\\react-router-app\\app\\components\\search-bar\\SearchBar.tsx",
    "all": false,
    "statementMap": {
      "0": {
        "start": { "line": 1, "column": 0 },
        "end": { "line": 1, "column": 26 }
      },
      "1": {
        "start": { "line": 2, "column": 0 },
        "end": { "line": 2, "column": 34 }
      },
      "2": {
        "start": { "line": 3, "column": 0 },
        "end": { "line": 3, "column": 54 }
      },
      "3": {
        "start": { "line": 4, "column": 0 },
        "end": { "line": 4, "column": 70 }
      },
      "4": {
        "start": { "line": 5, "column": 0 },
        "end": { "line": 5, "column": 62 }
      },
      "5": {
        "start": { "line": 6, "column": 0 },
        "end": { "line": 6, "column": 0 }
      },
      "6": {
        "start": { "line": 7, "column": 0 },
        "end": { "line": 7, "column": 71 }
      },
      "7": {
        "start": { "line": 8, "column": 0 },
        "end": { "line": 8, "column": 73 }
      },
      "8": {
        "start": { "line": 9, "column": 0 },
        "end": { "line": 9, "column": 55 }
      },
      "9": {
        "start": { "line": 10, "column": 0 },
        "end": { "line": 10, "column": 0 }
      },
      "10": {
        "start": { "line": 11, "column": 0 },
        "end": { "line": 11, "column": 35 }
      },
      "11": {
        "start": { "line": 12, "column": 0 },
        "end": { "line": 12, "column": 26 }
      },
      "12": {
        "start": { "line": 13, "column": 0 },
        "end": { "line": 13, "column": 19 }
      },
      "13": {
        "start": { "line": 14, "column": 0 },
        "end": { "line": 14, "column": 4 }
      },
      "14": {
        "start": { "line": 15, "column": 0 },
        "end": { "line": 15, "column": 0 }
      },
      "15": {
        "start": { "line": 16, "column": 0 },
        "end": { "line": 16, "column": 78 }
      },
      "16": {
        "start": { "line": 17, "column": 0 },
        "end": { "line": 17, "column": 0 }
      },
      "17": {
        "start": { "line": 18, "column": 0 },
        "end": { "line": 18, "column": 19 }
      },
      "18": {
        "start": { "line": 19, "column": 0 },
        "end": { "line": 19, "column": 75 }
      },
      "19": {
        "start": { "line": 20, "column": 0 },
        "end": { "line": 20, "column": 19 }
      },
      "20": {
        "start": { "line": 21, "column": 0 },
        "end": { "line": 21, "column": 0 }
      },
      "21": {
        "start": { "line": 22, "column": 0 },
        "end": { "line": 22, "column": 48 }
      },
      "22": {
        "start": { "line": 23, "column": 0 },
        "end": { "line": 23, "column": 23 }
      },
      "23": {
        "start": { "line": 24, "column": 0 },
        "end": { "line": 24, "column": 18 }
      },
      "24": {
        "start": { "line": 25, "column": 0 },
        "end": { "line": 25, "column": 4 }
      },
      "25": {
        "start": { "line": 26, "column": 0 },
        "end": { "line": 26, "column": 10 }
      },
      "26": {
        "start": { "line": 27, "column": 0 },
        "end": { "line": 27, "column": 33 }
      },
      "27": {
        "start": { "line": 28, "column": 0 },
        "end": { "line": 28, "column": 73 }
      },
      "28": {
        "start": { "line": 29, "column": 0 },
        "end": { "line": 29, "column": 56 }
      },
      "29": {
        "start": { "line": 30, "column": 0 },
        "end": { "line": 30, "column": 14 }
      },
      "30": {
        "start": { "line": 31, "column": 0 },
        "end": { "line": 31, "column": 24 }
      },
      "31": {
        "start": { "line": 32, "column": 0 },
        "end": { "line": 32, "column": 62 }
      },
      "32": {
        "start": { "line": 33, "column": 0 },
        "end": { "line": 33, "column": 23 }
      },
      "33": {
        "start": { "line": 34, "column": 0 },
        "end": { "line": 34, "column": 21 }
      },
      "34": {
        "start": { "line": 35, "column": 0 },
        "end": { "line": 35, "column": 23 }
      },
      "35": {
        "start": { "line": 36, "column": 0 },
        "end": { "line": 36, "column": 46 }
      },
      "36": {
        "start": { "line": 37, "column": 0 },
        "end": { "line": 37, "column": 10 }
      },
      "37": {
        "start": { "line": 38, "column": 0 },
        "end": { "line": 38, "column": 45 }
      },
      "38": {
        "start": { "line": 39, "column": 0 },
        "end": { "line": 39, "column": 13 }
      },
      "39": {
        "start": { "line": 40, "column": 0 },
        "end": { "line": 40, "column": 21 }
      },
      "40": {
        "start": { "line": 41, "column": 0 },
        "end": { "line": 41, "column": 10 }
      },
      "41": {
        "start": { "line": 42, "column": 0 },
        "end": { "line": 42, "column": 4 }
      },
      "42": {
        "start": { "line": 43, "column": 0 },
        "end": { "line": 43, "column": 2 }
      },
      "43": {
        "start": { "line": 44, "column": 0 },
        "end": { "line": 44, "column": 0 }
      },
      "44": {
        "start": { "line": 45, "column": 0 },
        "end": { "line": 45, "column": 25 }
      }
    },
    "s": {
      "0": 1,
      "1": 1,
      "2": 1,
      "3": 1,
      "4": 1,
      "5": 1,
      "6": 1,
      "7": 17,
      "8": 17,
      "9": 17,
      "10": 17,
      "11": 3,
      "12": 3,
      "13": 17,
      "14": 17,
      "15": 17,
      "16": 17,
      "17": 17,
      "18": 15,
      "19": 17,
      "20": 17,
      "21": 17,
      "22": 3,
      "23": 3,
      "24": 17,
      "25": 17,
      "26": 17,
      "27": 17,
      "28": 17,
      "29": 17,
      "30": 17,
      "31": 17,
      "32": 17,
      "33": 17,
      "34": 17,
      "35": 17,
      "36": 17,
      "37": 17,
      "38": 17,
      "39": 17,
      "40": 17,
      "41": 17,
      "42": 17,
      "43": 1,
      "44": 1
    },
    "branchMap": {
      "0": {
        "type": "branch",
        "line": 7,
        "loc": {
          "start": { "line": 7, "column": 18 },
          "end": { "line": 43, "column": 2 }
        },
        "locations": [
          {
            "start": { "line": 7, "column": 18 },
            "end": { "line": 43, "column": 2 }
          }
        ]
      },
      "1": {
        "type": "branch",
        "line": 11,
        "loc": {
          "start": { "line": 11, "column": 22 },
          "end": { "line": 14, "column": 3 }
        },
        "locations": [
          {
            "start": { "line": 11, "column": 22 },
            "end": { "line": 14, "column": 3 }
          }
        ]
      },
      "2": {
        "type": "branch",
        "line": 16,
        "loc": {
          "start": { "line": 16, "column": 22 },
          "end": { "line": 16, "column": 77 }
        },
        "locations": [
          {
            "start": { "line": 16, "column": 22 },
            "end": { "line": 16, "column": 77 }
          }
        ]
      },
      "3": {
        "type": "branch",
        "line": 18,
        "loc": {
          "start": { "line": 18, "column": 12 },
          "end": { "line": 20, "column": 3 }
        },
        "locations": [
          {
            "start": { "line": 18, "column": 12 },
            "end": { "line": 20, "column": 3 }
          }
        ]
      },
      "4": {
        "type": "branch",
        "line": 19,
        "loc": {
          "start": { "line": 19, "column": 15 },
          "end": { "line": 19, "column": 29 }
        },
        "locations": [
          {
            "start": { "line": 19, "column": 15 },
            "end": { "line": 19, "column": 29 }
          }
        ]
      },
      "5": {
        "type": "branch",
        "line": 19,
        "loc": {
          "start": { "line": 19, "column": 31 },
          "end": { "line": 19, "column": 75 }
        },
        "locations": [
          {
            "start": { "line": 19, "column": 31 },
            "end": { "line": 19, "column": 75 }
          }
        ]
      },
      "6": {
        "type": "branch",
        "line": 22,
        "loc": {
          "start": { "line": 22, "column": 23 },
          "end": { "line": 25, "column": 3 }
        },
        "locations": [
          {
            "start": { "line": 22, "column": 23 },
            "end": { "line": 25, "column": 3 }
          }
        ]
      },
      "7": {
        "type": "branch",
        "line": 32,
        "loc": {
          "start": { "line": 32, "column": 20 },
          "end": { "line": 32, "column": 61 }
        },
        "locations": [
          {
            "start": { "line": 32, "column": 20 },
            "end": { "line": 32, "column": 61 }
          }
        ]
      }
    },
    "b": {
      "0": [17],
      "1": [3],
      "2": [2],
      "3": [15],
      "4": [10],
      "5": [2],
      "6": [3],
      "7": [2]
    },
    "fnMap": {
      "0": {
        "name": "SearchBar",
        "decl": {
          "start": { "line": 7, "column": 18 },
          "end": { "line": 43, "column": 2 }
        },
        "loc": {
          "start": { "line": 7, "column": 18 },
          "end": { "line": 43, "column": 2 }
        },
        "line": 7
      },
      "1": {
        "name": "clickSearch",
        "decl": {
          "start": { "line": 11, "column": 22 },
          "end": { "line": 14, "column": 3 }
        },
        "loc": {
          "start": { "line": 11, "column": 22 },
          "end": { "line": 14, "column": 3 }
        },
        "line": 11
      },
      "2": {
        "name": "changeInput",
        "decl": {
          "start": { "line": 16, "column": 22 },
          "end": { "line": 16, "column": 77 }
        },
        "loc": {
          "start": { "line": 16, "column": 22 },
          "end": { "line": 16, "column": 77 }
        },
        "line": 16
      },
      "3": {
        "name": "handleSubmit",
        "decl": {
          "start": { "line": 22, "column": 23 },
          "end": { "line": 25, "column": 3 }
        },
        "loc": {
          "start": { "line": 22, "column": 23 },
          "end": { "line": 25, "column": 3 }
        },
        "line": 22
      },
      "4": {
        "name": "onChange",
        "decl": {
          "start": { "line": 32, "column": 20 },
          "end": { "line": 32, "column": 61 }
        },
        "loc": {
          "start": { "line": 32, "column": 20 },
          "end": { "line": 32, "column": 61 }
        },
        "line": 32
      }
    },
    "f": { "0": 17, "1": 3, "2": 2, "3": 3, "4": 2 }
  },
  "D:\\CODES\\Redux\\react-router-app\\app\\components\\theme-controls\\ThemeControls.tsx": {
    "path": "D:\\CODES\\Redux\\react-router-app\\app\\components\\theme-controls\\ThemeControls.tsx",
    "all": false,
    "statementMap": {
      "0": {
        "start": { "line": 1, "column": 0 },
        "end": { "line": 1, "column": 29 }
      },
      "1": {
        "start": { "line": 2, "column": 0 },
        "end": { "line": 2, "column": 54 }
      },
      "2": {
        "start": { "line": 3, "column": 0 },
        "end": { "line": 3, "column": 0 }
      },
      "3": {
        "start": { "line": 4, "column": 0 },
        "end": { "line": 4, "column": 29 }
      },
      "4": {
        "start": { "line": 5, "column": 0 },
        "end": { "line": 5, "column": 44 }
      },
      "5": {
        "start": { "line": 6, "column": 0 },
        "end": { "line": 6, "column": 0 }
      },
      "6": {
        "start": { "line": 7, "column": 0 },
        "end": { "line": 7, "column": 10 }
      },
      "7": {
        "start": { "line": 8, "column": 0 },
        "end": { "line": 8, "column": 34 }
      },
      "8": {
        "start": { "line": 9, "column": 0 },
        "end": { "line": 9, "column": 13 }
      },
      "9": {
        "start": { "line": 10, "column": 0 },
        "end": { "line": 10, "column": 14 }
      },
      "10": {
        "start": { "line": 11, "column": 0 },
        "end": { "line": 11, "column": 22 }
      },
      "11": {
        "start": { "line": 12, "column": 0 },
        "end": { "line": 12, "column": 22 }
      },
      "12": {
        "start": { "line": 13, "column": 0 },
        "end": { "line": 13, "column": 23 }
      },
      "13": {
        "start": { "line": 14, "column": 0 },
        "end": { "line": 14, "column": 37 }
      },
      "14": {
        "start": { "line": 15, "column": 0 },
        "end": { "line": 15, "column": 32 }
      },
      "15": {
        "start": { "line": 16, "column": 0 },
        "end": { "line": 16, "column": 10 }
      },
      "16": {
        "start": { "line": 17, "column": 0 },
        "end": { "line": 17, "column": 13 }
      },
      "17": {
        "start": { "line": 18, "column": 0 },
        "end": { "line": 18, "column": 14 }
      },
      "18": {
        "start": { "line": 19, "column": 0 },
        "end": { "line": 19, "column": 13 }
      },
      "19": {
        "start": { "line": 20, "column": 0 },
        "end": { "line": 20, "column": 14 }
      },
      "20": {
        "start": { "line": 21, "column": 0 },
        "end": { "line": 21, "column": 22 }
      },
      "21": {
        "start": { "line": 22, "column": 0 },
        "end": { "line": 22, "column": 22 }
      },
      "22": {
        "start": { "line": 23, "column": 0 },
        "end": { "line": 23, "column": 22 }
      },
      "23": {
        "start": { "line": 24, "column": 0 },
        "end": { "line": 24, "column": 36 }
      },
      "24": {
        "start": { "line": 25, "column": 0 },
        "end": { "line": 25, "column": 32 }
      },
      "25": {
        "start": { "line": 26, "column": 0 },
        "end": { "line": 26, "column": 10 }
      },
      "26": {
        "start": { "line": 27, "column": 0 },
        "end": { "line": 27, "column": 12 }
      },
      "27": {
        "start": { "line": 28, "column": 0 },
        "end": { "line": 28, "column": 14 }
      },
      "28": {
        "start": { "line": 29, "column": 0 },
        "end": { "line": 29, "column": 10 }
      },
      "29": {
        "start": { "line": 30, "column": 0 },
        "end": { "line": 30, "column": 4 }
      },
      "30": {
        "start": { "line": 31, "column": 0 },
        "end": { "line": 31, "column": 2 }
      },
      "31": {
        "start": { "line": 32, "column": 0 },
        "end": { "line": 32, "column": 0 }
      },
      "32": {
        "start": { "line": 33, "column": 0 },
        "end": { "line": 33, "column": 29 }
      }
    },
    "s": {
      "0": 1,
      "1": 1,
      "2": 1,
      "3": 1,
      "4": 12,
      "5": 12,
      "6": 12,
      "7": 12,
      "8": 12,
      "9": 12,
      "10": 12,
      "11": 12,
      "12": 12,
      "13": 12,
      "14": 12,
      "15": 12,
      "16": 12,
      "17": 12,
      "18": 12,
      "19": 12,
      "20": 12,
      "21": 12,
      "22": 12,
      "23": 12,
      "24": 12,
      "25": 12,
      "26": 12,
      "27": 12,
      "28": 12,
      "29": 12,
      "30": 12,
      "31": 1,
      "32": 1
    },
    "branchMap": {
      "0": {
        "type": "branch",
        "line": 4,
        "loc": {
          "start": { "line": 4, "column": 22 },
          "end": { "line": 31, "column": 2 }
        },
        "locations": [
          {
            "start": { "line": 4, "column": 22 },
            "end": { "line": 31, "column": 2 }
          }
        ]
      }
    },
    "b": { "0": [12] },
    "fnMap": {
      "0": {
        "name": "ThemeControls",
        "decl": {
          "start": { "line": 4, "column": 22 },
          "end": { "line": 31, "column": 2 }
        },
        "loc": {
          "start": { "line": 4, "column": 22 },
          "end": { "line": 31, "column": 2 }
        },
        "line": 4
      }
    },
    "f": { "0": 12 }
  },
  "D:\\CODES\\Redux\\react-router-app\\app\\context\\ThemeContext.tsx": {
    "path": "D:\\CODES\\Redux\\react-router-app\\app\\context\\ThemeContext.tsx",
    "all": false,
    "statementMap": {
      "0": {
        "start": { "line": 1, "column": 0 },
        "end": { "line": 1, "column": 71 }
      },
      "1": {
        "start": { "line": 2, "column": 0 },
        "end": { "line": 2, "column": 39 }
      },
      "2": {
        "start": { "line": 3, "column": 0 },
        "end": { "line": 3, "column": 66 }
      },
      "3": {
        "start": { "line": 4, "column": 0 },
        "end": { "line": 4, "column": 0 }
      },
      "4": {
        "start": { "line": 5, "column": 0 },
        "end": { "line": 5, "column": 30 }
      },
      "5": {
        "start": { "line": 6, "column": 0 },
        "end": { "line": 6, "column": 0 }
      },
      "6": {
        "start": { "line": 7, "column": 0 },
        "end": { "line": 7, "column": 28 }
      },
      "7": {
        "start": { "line": 8, "column": 0 },
        "end": { "line": 8, "column": 15 }
      },
      "8": {
        "start": { "line": 9, "column": 0 },
        "end": { "line": 9, "column": 26 }
      },
      "9": {
        "start": { "line": 10, "column": 0 },
        "end": { "line": 10, "column": 1 }
      },
      "10": {
        "start": { "line": 11, "column": 0 },
        "end": { "line": 11, "column": 0 }
      },
      "11": {
        "start": { "line": 12, "column": 0 },
        "end": { "line": 12, "column": 76 }
      },
      "12": {
        "start": { "line": 13, "column": 0 },
        "end": { "line": 13, "column": 0 }
      },
      "13": {
        "start": { "line": 14, "column": 0 },
        "end": { "line": 14, "column": 73 }
      },
      "14": {
        "start": { "line": 15, "column": 0 },
        "end": { "line": 15, "column": 73 }
      },
      "15": {
        "start": { "line": 16, "column": 0 },
        "end": { "line": 16, "column": 53 }
      },
      "16": {
        "start": { "line": 17, "column": 0 },
        "end": { "line": 17, "column": 0 }
      },
      "17": {
        "start": { "line": 18, "column": 0 },
        "end": { "line": 18, "column": 19 }
      },
      "18": {
        "start": { "line": 19, "column": 0 },
        "end": { "line": 19, "column": 63 }
      },
      "19": {
        "start": { "line": 20, "column": 0 },
        "end": { "line": 20, "column": 22 }
      },
      "20": {
        "start": { "line": 21, "column": 0 },
        "end": { "line": 21, "column": 14 }
      },
      "21": {
        "start": { "line": 22, "column": 0 },
        "end": { "line": 22, "column": 0 }
      },
      "22": {
        "start": { "line": 23, "column": 0 },
        "end": { "line": 23, "column": 29 }
      },
      "23": {
        "start": { "line": 24, "column": 0 },
        "end": { "line": 24, "column": 62 }
      },
      "24": {
        "start": { "line": 25, "column": 0 },
        "end": { "line": 25, "column": 4 }
      },
      "25": {
        "start": { "line": 26, "column": 0 },
        "end": { "line": 26, "column": 0 }
      },
      "26": {
        "start": { "line": 27, "column": 0 },
        "end": { "line": 27, "column": 10 }
      },
      "27": {
        "start": { "line": 28, "column": 0 },
        "end": { "line": 28, "column": 58 }
      },
      "28": {
        "start": { "line": 29, "column": 0 },
        "end": { "line": 29, "column": 16 }
      },
      "29": {
        "start": { "line": 30, "column": 0 },
        "end": { "line": 30, "column": 28 }
      },
      "30": {
        "start": { "line": 31, "column": 0 },
        "end": { "line": 31, "column": 4 }
      },
      "31": {
        "start": { "line": 32, "column": 0 },
        "end": { "line": 32, "column": 2 }
      },
      "32": {
        "start": { "line": 33, "column": 0 },
        "end": { "line": 33, "column": 0 }
      },
      "33": {
        "start": { "line": 34, "column": 0 },
        "end": { "line": 34, "column": 31 }
      },
      "34": {
        "start": { "line": 35, "column": 0 },
        "end": { "line": 35, "column": 43 }
      },
      "35": {
        "start": { "line": 36, "column": 0 },
        "end": { "line": 36, "column": 17 }
      },
      "36": {
        "start": { "line": 37, "column": 0 },
        "end": { "line": 37, "column": 68 }
      },
      "37": {
        "start": { "line": 38, "column": 0 },
        "end": { "line": 38, "column": 3 }
      },
      "38": {
        "start": { "line": 39, "column": 0 },
        "end": { "line": 39, "column": 17 }
      },
      "39": {
        "start": { "line": 40, "column": 0 },
        "end": { "line": 40, "column": 2 }
      }
    },
    "s": {
      "0": 1,
      "1": 1,
      "2": 1,
      "3": 1,
      "4": 1,
      "5": 1,
      "6": 1,
      "7": 1,
      "8": 1,
      "9": 1,
      "10": 1,
      "11": 1,
      "12": 1,
      "13": 1,
      "14": 10,
      "15": 10,
      "16": 10,
      "17": 10,
      "18": 8,
      "19": 8,
      "20": 10,
      "21": 10,
      "22": 10,
      "23": 2,
      "24": 10,
      "25": 10,
      "26": 10,
      "27": 10,
      "28": 10,
      "29": 10,
      "30": 10,
      "31": 10,
      "32": 1,
      "33": 1,
      "34": 12,
      "35": 12,
      "36": 0,
      "37": 0,
      "38": 12,
      "39": 12
    },
    "branchMap": {
      "0": {
        "type": "branch",
        "line": 14,
        "loc": {
          "start": { "line": 14, "column": 29 },
          "end": { "line": 32, "column": 2 }
        },
        "locations": [
          {
            "start": { "line": 14, "column": 29 },
            "end": { "line": 32, "column": 2 }
          }
        ]
      },
      "1": {
        "type": "branch",
        "line": 18,
        "loc": {
          "start": { "line": 18, "column": 12 },
          "end": { "line": 21, "column": 3 }
        },
        "locations": [
          {
            "start": { "line": 18, "column": 12 },
            "end": { "line": 21, "column": 3 }
          }
        ]
      },
      "2": {
        "type": "branch",
        "line": 23,
        "loc": {
          "start": { "line": 23, "column": 22 },
          "end": { "line": 25, "column": 3 }
        },
        "locations": [
          {
            "start": { "line": 23, "column": 22 },
            "end": { "line": 25, "column": 3 }
          }
        ]
      },
      "3": {
        "type": "branch",
        "line": 24,
        "loc": {
          "start": { "line": 24, "column": 13 },
          "end": { "line": 24, "column": 60 }
        },
        "locations": [
          {
            "start": { "line": 24, "column": 13 },
            "end": { "line": 24, "column": 60 }
          }
        ]
      },
      "4": {
        "type": "branch",
        "line": 24,
        "loc": {
          "start": { "line": 24, "column": 41 },
          "end": { "line": 24, "column": 49 }
        },
        "locations": [
          {
            "start": { "line": 24, "column": 41 },
            "end": { "line": 24, "column": 49 }
          }
        ]
      },
      "5": {
        "type": "branch",
        "line": 24,
        "loc": {
          "start": { "line": 24, "column": 50 },
          "end": { "line": 24, "column": 59 }
        },
        "locations": [
          {
            "start": { "line": 24, "column": 50 },
            "end": { "line": 24, "column": 59 }
          }
        ]
      },
      "6": {
        "type": "branch",
        "line": 34,
        "loc": {
          "start": { "line": 34, "column": 24 },
          "end": { "line": 40, "column": 2 }
        },
        "locations": [
          {
            "start": { "line": 34, "column": 24 },
            "end": { "line": 40, "column": 2 }
          }
        ]
      },
      "7": {
        "type": "branch",
        "line": 36,
        "loc": {
          "start": { "line": 36, "column": 16 },
          "end": { "line": 38, "column": 3 }
        },
        "locations": [
          {
            "start": { "line": 36, "column": 16 },
            "end": { "line": 38, "column": 3 }
          }
        ]
      }
    },
    "b": {
      "0": [10],
      "1": [8],
      "2": [2],
      "3": [2],
      "4": [1],
      "5": [1],
      "6": [12],
      "7": [0]
    },
    "fnMap": {
      "0": {
        "name": "ThemeProvider",
        "decl": {
          "start": { "line": 14, "column": 29 },
          "end": { "line": 32, "column": 2 }
        },
        "loc": {
          "start": { "line": 14, "column": 29 },
          "end": { "line": 32, "column": 2 }
        },
        "line": 14
      },
      "1": {
        "name": "toggleTheme",
        "decl": {
          "start": { "line": 23, "column": 22 },
          "end": { "line": 25, "column": 3 }
        },
        "loc": {
          "start": { "line": 23, "column": 22 },
          "end": { "line": 25, "column": 3 }
        },
        "line": 23
      },
      "2": {
        "name": "useTheme",
        "decl": {
          "start": { "line": 34, "column": 24 },
          "end": { "line": 40, "column": 2 }
        },
        "loc": {
          "start": { "line": 34, "column": 24 },
          "end": { "line": 40, "column": 2 }
        },
        "line": 34
      }
    },
    "f": { "0": 10, "1": 2, "2": 12 }
  },
  "D:\\CODES\\Redux\\react-router-app\\app\\routes\\details.tsx": {
    "path": "D:\\CODES\\Redux\\react-router-app\\app\\routes\\details.tsx",
    "all": false,
    "statementMap": {
      "0": {
        "start": { "line": 1, "column": 0 },
        "end": { "line": 1, "column": 72 }
      },
      "1": {
        "start": { "line": 2, "column": 0 },
        "end": { "line": 2, "column": 85 }
      },
      "2": {
        "start": { "line": 3, "column": 0 },
        "end": { "line": 3, "column": 49 }
      },
      "3": {
        "start": { "line": 4, "column": 0 },
        "end": { "line": 4, "column": 0 }
      },
      "4": {
        "start": { "line": 5, "column": 0 },
        "end": { "line": 5, "column": 21 }
      },
      "5": {
        "start": { "line": 6, "column": 0 },
        "end": { "line": 6, "column": 27 }
      },
      "6": {
        "start": { "line": 7, "column": 0 },
        "end": { "line": 7, "column": 18 }
      },
      "7": {
        "start": { "line": 8, "column": 0 },
        "end": { "line": 8, "column": 1 }
      },
      "8": {
        "start": { "line": 9, "column": 0 },
        "end": { "line": 9, "column": 0 }
      },
      "9": {
        "start": { "line": 10, "column": 0 },
        "end": { "line": 10, "column": 35 }
      },
      "10": {
        "start": { "line": 11, "column": 0 },
        "end": { "line": 11, "column": 48 }
      },
      "11": {
        "start": { "line": 12, "column": 0 },
        "end": { "line": 12, "column": 29 }
      },
      "12": {
        "start": { "line": 13, "column": 0 },
        "end": { "line": 13, "column": 33 }
      },
      "13": {
        "start": { "line": 14, "column": 0 },
        "end": { "line": 14, "column": 0 }
      },
      "14": {
        "start": { "line": 15, "column": 0 },
        "end": { "line": 15, "column": 9 }
      },
      "15": {
        "start": { "line": 16, "column": 0 },
        "end": { "line": 16, "column": 14 }
      },
      "16": {
        "start": { "line": 17, "column": 0 },
        "end": { "line": 17, "column": 15 }
      },
      "17": {
        "start": { "line": 18, "column": 0 },
        "end": { "line": 18, "column": 10 }
      },
      "18": {
        "start": { "line": 19, "column": 0 },
        "end": { "line": 19, "column": 47 }
      },
      "19": {
        "start": { "line": 20, "column": 0 },
        "end": { "line": 20, "column": 0 }
      },
      "20": {
        "start": { "line": 21, "column": 0 },
        "end": { "line": 21, "column": 34 }
      },
      "21": {
        "start": { "line": 22, "column": 0 },
        "end": { "line": 22, "column": 59 }
      },
      "22": {
        "start": { "line": 23, "column": 0 },
        "end": { "line": 23, "column": 28 }
      },
      "23": {
        "start": { "line": 24, "column": 0 },
        "end": { "line": 24, "column": 4 }
      },
      "24": {
        "start": { "line": 25, "column": 0 },
        "end": { "line": 25, "column": 0 }
      },
      "25": {
        "start": { "line": 26, "column": 0 },
        "end": { "line": 26, "column": 19 }
      },
      "26": {
        "start": { "line": 27, "column": 0 },
        "end": { "line": 27, "column": 22 }
      },
      "27": {
        "start": { "line": 28, "column": 0 },
        "end": { "line": 28, "column": 3 }
      },
      "28": {
        "start": { "line": 29, "column": 0 },
        "end": { "line": 29, "column": 0 }
      },
      "29": {
        "start": { "line": 30, "column": 0 },
        "end": { "line": 30, "column": 22 }
      },
      "30": {
        "start": { "line": 31, "column": 0 },
        "end": { "line": 31, "column": 54 }
      },
      "31": {
        "start": { "line": 32, "column": 0 },
        "end": { "line": 32, "column": 3 }
      },
      "32": {
        "start": { "line": 33, "column": 0 },
        "end": { "line": 33, "column": 0 }
      },
      "33": {
        "start": { "line": 34, "column": 0 },
        "end": { "line": 34, "column": 10 }
      },
      "34": {
        "start": { "line": 35, "column": 0 },
        "end": { "line": 35, "column": 29 }
      },
      "35": {
        "start": { "line": 36, "column": 0 },
        "end": { "line": 36, "column": 37 }
      },
      "36": {
        "start": { "line": 37, "column": 0 },
        "end": { "line": 37, "column": 44 }
      },
      "37": {
        "start": { "line": 38, "column": 0 },
        "end": { "line": 38, "column": 26 }
      },
      "38": {
        "start": { "line": 39, "column": 0 },
        "end": { "line": 39, "column": 34 }
      },
      "39": {
        "start": { "line": 40, "column": 0 },
        "end": { "line": 40, "column": 36 }
      },
      "40": {
        "start": { "line": 41, "column": 0 },
        "end": { "line": 41, "column": 12 }
      },
      "41": {
        "start": { "line": 42, "column": 0 },
        "end": { "line": 42, "column": 63 }
      },
      "42": {
        "start": { "line": 43, "column": 0 },
        "end": { "line": 43, "column": 10 }
      },
      "43": {
        "start": { "line": 44, "column": 0 },
        "end": { "line": 44, "column": 4 }
      },
      "44": {
        "start": { "line": 45, "column": 0 },
        "end": { "line": 45, "column": 1 }
      }
    },
    "s": {
      "0": 1,
      "1": 1,
      "2": 1,
      "3": 1,
      "4": 1,
      "5": 1,
      "6": 1,
      "7": 1,
      "8": 1,
      "9": 4,
      "10": 4,
      "11": 4,
      "12": 4,
      "13": 4,
      "14": 4,
      "15": 4,
      "16": 4,
      "17": 4,
      "18": 4,
      "19": 4,
      "20": 4,
      "21": 1,
      "22": 1,
      "23": 4,
      "24": 4,
      "25": 4,
      "26": 1,
      "27": 1,
      "28": 3,
      "29": 4,
      "30": 1,
      "31": 1,
      "32": 2,
      "33": 2,
      "34": 2,
      "35": 2,
      "36": 4,
      "37": 4,
      "38": 4,
      "39": 4,
      "40": 4,
      "41": 4,
      "42": 4,
      "43": 4,
      "44": 4
    },
    "branchMap": {
      "0": {
        "type": "branch",
        "line": 10,
        "loc": {
          "start": { "line": 10, "column": 0 },
          "end": { "line": 45, "column": 1 }
        },
        "locations": [
          {
            "start": { "line": 10, "column": 0 },
            "end": { "line": 45, "column": 1 }
          }
        ]
      },
      "1": {
        "type": "branch",
        "line": 26,
        "loc": {
          "start": { "line": 26, "column": 18 },
          "end": { "line": 28, "column": 3 }
        },
        "locations": [
          {
            "start": { "line": 26, "column": 18 },
            "end": { "line": 28, "column": 3 }
          }
        ]
      },
      "2": {
        "type": "branch",
        "line": 29,
        "loc": {
          "start": { "line": 29, "column": -1 },
          "end": { "line": 30, "column": 15 }
        },
        "locations": [
          {
            "start": { "line": 29, "column": -1 },
            "end": { "line": 30, "column": 15 }
          }
        ]
      },
      "3": {
        "type": "branch",
        "line": 30,
        "loc": {
          "start": { "line": 30, "column": 11 },
          "end": { "line": 30, "column": 19 }
        },
        "locations": [
          {
            "start": { "line": 30, "column": 11 },
            "end": { "line": 30, "column": 19 }
          }
        ]
      },
      "4": {
        "type": "branch",
        "line": 30,
        "loc": {
          "start": { "line": 30, "column": 21 },
          "end": { "line": 32, "column": 3 }
        },
        "locations": [
          {
            "start": { "line": 30, "column": 21 },
            "end": { "line": 32, "column": 3 }
          }
        ]
      },
      "5": {
        "type": "branch",
        "line": 33,
        "loc": {
          "start": { "line": 33, "column": -1 },
          "end": { "line": 37, "column": 28 }
        },
        "locations": [
          {
            "start": { "line": 33, "column": -1 },
            "end": { "line": 37, "column": 28 }
          }
        ]
      },
      "6": {
        "type": "branch",
        "line": 38,
        "loc": {
          "start": { "line": 38, "column": 15 },
          "end": { "line": 38, "column": 21 }
        },
        "locations": [
          {
            "start": { "line": 38, "column": 15 },
            "end": { "line": 38, "column": 21 }
          }
        ]
      },
      "7": {
        "type": "branch",
        "line": 39,
        "loc": {
          "start": { "line": 39, "column": 15 },
          "end": { "line": 39, "column": 23 }
        },
        "locations": [
          {
            "start": { "line": 39, "column": 15 },
            "end": { "line": 39, "column": 23 }
          }
        ]
      },
      "8": {
        "type": "branch",
        "line": 39,
        "loc": {
          "start": { "line": 39, "column": 23 },
          "end": { "line": 39, "column": 29 }
        },
        "locations": [
          {
            "start": { "line": 39, "column": 23 },
            "end": { "line": 39, "column": 29 }
          }
        ]
      },
      "9": {
        "type": "branch",
        "line": 40,
        "loc": {
          "start": { "line": 40, "column": 15 },
          "end": { "line": 40, "column": 25 }
        },
        "locations": [
          {
            "start": { "line": 40, "column": 15 },
            "end": { "line": 40, "column": 25 }
          }
        ]
      },
      "10": {
        "type": "branch",
        "line": 40,
        "loc": {
          "start": { "line": 40, "column": 25 },
          "end": { "line": 40, "column": 31 }
        },
        "locations": [
          {
            "start": { "line": 40, "column": 25 },
            "end": { "line": 40, "column": 31 }
          }
        ]
      },
      "11": {
        "type": "branch",
        "line": 21,
        "loc": {
          "start": { "line": 21, "column": 27 },
          "end": { "line": 24, "column": 3 }
        },
        "locations": [
          {
            "start": { "line": 21, "column": 27 },
            "end": { "line": 24, "column": 3 }
          }
        ]
      },
      "12": {
        "type": "branch",
        "line": 22,
        "loc": {
          "start": { "line": 22, "column": 53 },
          "end": { "line": 22, "column": 57 }
        },
        "locations": [
          {
            "start": { "line": 22, "column": 53 },
            "end": { "line": 22, "column": 57 }
          }
        ]
      }
    },
    "b": {
      "0": [4],
      "1": [1],
      "2": [3],
      "3": [2],
      "4": [1],
      "5": [2],
      "6": [2],
      "7": [2],
      "8": [1],
      "9": [2],
      "10": [1],
      "11": [1],
      "12": [0]
    },
    "fnMap": {
      "0": {
        "name": "Details",
        "decl": {
          "start": { "line": 10, "column": 0 },
          "end": { "line": 45, "column": 1 }
        },
        "loc": {
          "start": { "line": 10, "column": 0 },
          "end": { "line": 45, "column": 1 }
        },
        "line": 10
      },
      "1": {
        "name": "handleClickClose",
        "decl": {
          "start": { "line": 21, "column": 27 },
          "end": { "line": 24, "column": 3 }
        },
        "loc": {
          "start": { "line": 21, "column": 27 },
          "end": { "line": 24, "column": 3 }
        },
        "line": 21
      }
    },
    "f": { "0": 4, "1": 1 }
  },
  "D:\\CODES\\Redux\\react-router-app\\app\\routes\\home.tsx": {
    "path": "D:\\CODES\\Redux\\react-router-app\\app\\routes\\home.tsx",
    "all": false,
    "statementMap": {
      "0": {
        "start": { "line": 1, "column": 0 },
        "end": { "line": 1, "column": 20 }
      },
      "1": {
        "start": { "line": 2, "column": 0 },
        "end": { "line": 2, "column": 78 }
      },
      "2": {
        "start": { "line": 3, "column": 0 },
        "end": { "line": 3, "column": 89 }
      },
      "3": {
        "start": { "line": 4, "column": 0 },
        "end": { "line": 4, "column": 33 }
      },
      "4": {
        "start": { "line": 5, "column": 0 },
        "end": { "line": 5, "column": 74 }
      },
      "5": {
        "start": { "line": 6, "column": 0 },
        "end": { "line": 6, "column": 64 }
      },
      "6": {
        "start": { "line": 7, "column": 0 },
        "end": { "line": 7, "column": 62 }
      },
      "7": {
        "start": { "line": 8, "column": 0 },
        "end": { "line": 8, "column": 66 }
      },
      "8": {
        "start": { "line": 9, "column": 0 },
        "end": { "line": 9, "column": 56 }
      },
      "9": {
        "start": { "line": 10, "column": 0 },
        "end": { "line": 10, "column": 72 }
      },
      "10": {
        "start": { "line": 11, "column": 0 },
        "end": { "line": 11, "column": 74 }
      },
      "11": {
        "start": { "line": 12, "column": 0 },
        "end": { "line": 12, "column": 0 }
      },
      "12": {
        "start": { "line": 13, "column": 0 },
        "end": { "line": 13, "column": 24 }
      },
      "13": {
        "start": { "line": 14, "column": 0 },
        "end": { "line": 14, "column": 10 }
      },
      "14": {
        "start": { "line": 15, "column": 0 },
        "end": { "line": 15, "column": 34 }
      },
      "15": {
        "start": { "line": 16, "column": 0 },
        "end": { "line": 16, "column": 58 }
      },
      "16": {
        "start": { "line": 17, "column": 0 },
        "end": { "line": 17, "column": 4 }
      },
      "17": {
        "start": { "line": 18, "column": 0 },
        "end": { "line": 18, "column": 1 }
      },
      "18": {
        "start": { "line": 19, "column": 0 },
        "end": { "line": 19, "column": 0 }
      },
      "19": {
        "start": { "line": 20, "column": 0 },
        "end": { "line": 20, "column": 32 }
      },
      "20": {
        "start": { "line": 21, "column": 0 },
        "end": { "line": 21, "column": 49 }
      },
      "21": {
        "start": { "line": 22, "column": 0 },
        "end": { "line": 22, "column": 77 }
      },
      "22": {
        "start": { "line": 23, "column": 0 },
        "end": { "line": 23, "column": 55 }
      },
      "23": {
        "start": { "line": 24, "column": 0 },
        "end": { "line": 24, "column": 23 }
      },
      "24": {
        "start": { "line": 25, "column": 0 },
        "end": { "line": 25, "column": 26 }
      },
      "25": {
        "start": { "line": 26, "column": 0 },
        "end": { "line": 26, "column": 5 }
      },
      "26": {
        "start": { "line": 27, "column": 0 },
        "end": { "line": 27, "column": 0 }
      },
      "27": {
        "start": { "line": 28, "column": 0 },
        "end": { "line": 28, "column": 33 }
      },
      "28": {
        "start": { "line": 29, "column": 0 },
        "end": { "line": 29, "column": 33 }
      },
      "29": {
        "start": { "line": 30, "column": 0 },
        "end": { "line": 30, "column": 0 }
      },
      "30": {
        "start": { "line": 31, "column": 0 },
        "end": { "line": 31, "column": 30 }
      },
      "31": {
        "start": { "line": 32, "column": 0 },
        "end": { "line": 32, "column": 47 }
      },
      "32": {
        "start": { "line": 33, "column": 0 },
        "end": { "line": 33, "column": 4 }
      },
      "33": {
        "start": { "line": 34, "column": 0 },
        "end": { "line": 34, "column": 0 }
      },
      "34": {
        "start": { "line": 35, "column": 0 },
        "end": { "line": 35, "column": 33 }
      },
      "35": {
        "start": { "line": 36, "column": 0 },
        "end": { "line": 36, "column": 56 }
      },
      "36": {
        "start": { "line": 37, "column": 0 },
        "end": { "line": 37, "column": 43 }
      },
      "37": {
        "start": { "line": 38, "column": 0 },
        "end": { "line": 38, "column": 33 }
      },
      "38": {
        "start": { "line": 39, "column": 0 },
        "end": { "line": 39, "column": 4 }
      },
      "39": {
        "start": { "line": 40, "column": 0 },
        "end": { "line": 40, "column": 10 }
      },
      "40": {
        "start": { "line": 41, "column": 0 },
        "end": { "line": 41, "column": 26 }
      },
      "41": {
        "start": { "line": 42, "column": 0 },
        "end": { "line": 42, "column": 36 }
      },
      "42": {
        "start": { "line": 43, "column": 0 },
        "end": { "line": 43, "column": 49 }
      },
      "43": {
        "start": { "line": 44, "column": 0 },
        "end": { "line": 44, "column": 25 }
      },
      "44": {
        "start": { "line": 45, "column": 0 },
        "end": { "line": 45, "column": 15 }
      },
      "45": {
        "start": { "line": 46, "column": 0 },
        "end": { "line": 46, "column": 12 }
      },
      "46": {
        "start": { "line": 47, "column": 0 },
        "end": { "line": 47, "column": 59 }
      },
      "47": {
        "start": { "line": 48, "column": 0 },
        "end": { "line": 48, "column": 28 }
      },
      "48": {
        "start": { "line": 49, "column": 0 },
        "end": { "line": 49, "column": 38 }
      },
      "49": {
        "start": { "line": 50, "column": 0 },
        "end": { "line": 50, "column": 16 }
      },
      "50": {
        "start": { "line": 51, "column": 0 },
        "end": { "line": 51, "column": 40 }
      },
      "51": {
        "start": { "line": 52, "column": 0 },
        "end": { "line": 52, "column": 42 }
      },
      "52": {
        "start": { "line": 53, "column": 0 },
        "end": { "line": 53, "column": 47 }
      },
      "53": {
        "start": { "line": 54, "column": 0 },
        "end": { "line": 54, "column": 13 }
      },
      "54": {
        "start": { "line": 55, "column": 0 },
        "end": { "line": 55, "column": 35 }
      },
      "55": {
        "start": { "line": 56, "column": 0 },
        "end": { "line": 56, "column": 51 }
      },
      "56": {
        "start": { "line": 57, "column": 0 },
        "end": { "line": 57, "column": 70 }
      },
      "57": {
        "start": { "line": 58, "column": 0 },
        "end": { "line": 58, "column": 18 }
      },
      "58": {
        "start": { "line": 59, "column": 0 },
        "end": { "line": 59, "column": 22 }
      },
      "59": {
        "start": { "line": 60, "column": 0 },
        "end": { "line": 60, "column": 16 }
      },
      "60": {
        "start": { "line": 61, "column": 0 },
        "end": { "line": 61, "column": 10 }
      },
      "61": {
        "start": { "line": 62, "column": 0 },
        "end": { "line": 62, "column": 13 }
      },
      "62": {
        "start": { "line": 63, "column": 0 },
        "end": { "line": 63, "column": 32 }
      },
      "63": {
        "start": { "line": 64, "column": 0 },
        "end": { "line": 64, "column": 10 }
      },
      "64": {
        "start": { "line": 65, "column": 0 },
        "end": { "line": 65, "column": 4 }
      },
      "65": {
        "start": { "line": 66, "column": 0 },
        "end": { "line": 66, "column": 1 }
      }
    },
    "s": {
      "0": 1,
      "1": 1,
      "2": 1,
      "3": 1,
      "4": 1,
      "5": 1,
      "6": 1,
      "7": 1,
      "8": 1,
      "9": 1,
      "10": 1,
      "11": 1,
      "12": 0,
      "13": 0,
      "14": 0,
      "15": 0,
      "16": 0,
      "17": 0,
      "18": 1,
      "19": 7,
      "20": 7,
      "21": 7,
      "22": 7,
      "23": 7,
      "24": 7,
      "25": 7,
      "26": 7,
      "27": 7,
      "28": 7,
      "29": 7,
      "30": 7,
      "31": 1,
      "32": 7,
      "33": 7,
      "34": 7,
      "35": 1,
      "36": 1,
      "37": 1,
      "38": 7,
      "39": 7,
      "40": 7,
      "41": 7,
      "42": 7,
      "43": 7,
      "44": 7,
      "45": 7,
      "46": 7,
      "47": 7,
      "48": 5,
      "49": 5,
      "50": 5,
      "51": 5,
      "52": 5,
      "53": 5,
      "54": 5,
      "55": 5,
      "56": 5,
      "57": 5,
      "58": 5,
      "59": 5,
      "60": 7,
      "61": 7,
      "62": 7,
      "63": 7,
      "64": 7,
      "65": 7
    },
    "branchMap": {
      "0": {
        "type": "branch",
        "line": 20,
        "loc": {
          "start": { "line": 20, "column": 0 },
          "end": { "line": 66, "column": 1 }
        },
        "locations": [
          {
            "start": { "line": 20, "column": 0 },
            "end": { "line": 66, "column": 1 }
          }
        ]
      },
      "1": {
        "type": "branch",
        "line": 47,
        "loc": {
          "start": { "line": 47, "column": 14 },
          "end": { "line": 47, "column": 58 }
        },
        "locations": [
          {
            "start": { "line": 47, "column": 14 },
            "end": { "line": 47, "column": 58 }
          }
        ]
      },
      "2": {
        "type": "branch",
        "line": 48,
        "loc": {
          "start": { "line": 48, "column": 15 },
          "end": { "line": 48, "column": 23 }
        },
        "locations": [
          {
            "start": { "line": 48, "column": 15 },
            "end": { "line": 48, "column": 23 }
          }
        ]
      },
      "3": {
        "type": "branch",
        "line": 48,
        "loc": {
          "start": { "line": 48, "column": 23 },
          "end": { "line": 60, "column": 16 }
        },
        "locations": [
          {
            "start": { "line": 48, "column": 23 },
            "end": { "line": 60, "column": 16 }
          }
        ]
      },
      "4": {
        "type": "branch",
        "line": 63,
        "loc": {
          "start": { "line": 63, "column": 17 },
          "end": { "line": 63, "column": 31 }
        },
        "locations": [
          {
            "start": { "line": 63, "column": 17 },
            "end": { "line": 63, "column": 31 }
          }
        ]
      },
      "5": {
        "type": "branch",
        "line": 31,
        "loc": {
          "start": { "line": 31, "column": 23 },
          "end": { "line": 33, "column": 3 }
        },
        "locations": [
          {
            "start": { "line": 31, "column": 23 },
            "end": { "line": 33, "column": 3 }
          }
        ]
      },
      "6": {
        "type": "branch",
        "line": 35,
        "loc": {
          "start": { "line": 35, "column": 26 },
          "end": { "line": 39, "column": 3 }
        },
        "locations": [
          {
            "start": { "line": 35, "column": 26 },
            "end": { "line": 39, "column": 3 }
          }
        ]
      },
      "7": {
        "type": "branch",
        "line": 53,
        "loc": {
          "start": { "line": 53, "column": 23 },
          "end": { "line": 53, "column": 46 }
        },
        "locations": [
          {
            "start": { "line": 53, "column": 23 },
            "end": { "line": 53, "column": 46 }
          }
        ]
      }
    },
    "b": {
      "0": [7],
      "1": [1],
      "2": [6],
      "3": [5],
      "4": [1],
      "5": [1],
      "6": [1],
      "7": [1]
    },
    "fnMap": {
      "0": {
        "name": "meta",
        "decl": {
          "start": { "line": 13, "column": 0 },
          "end": { "line": 18, "column": 1 }
        },
        "loc": {
          "start": { "line": 13, "column": 0 },
          "end": { "line": 18, "column": 1 }
        },
        "line": 13
      },
      "1": {
        "name": "Home",
        "decl": {
          "start": { "line": 20, "column": 0 },
          "end": { "line": 66, "column": 1 }
        },
        "loc": {
          "start": { "line": 20, "column": 0 },
          "end": { "line": 66, "column": 1 }
        },
        "line": 20
      },
      "2": {
        "name": "handleSearch",
        "decl": {
          "start": { "line": 31, "column": 23 },
          "end": { "line": 33, "column": 3 }
        },
        "loc": {
          "start": { "line": 31, "column": 23 },
          "end": { "line": 33, "column": 3 }
        },
        "line": 31
      },
      "3": {
        "name": "handleListClick",
        "decl": {
          "start": { "line": 35, "column": 26 },
          "end": { "line": 39, "column": 3 }
        },
        "loc": {
          "start": { "line": 35, "column": 26 },
          "end": { "line": 39, "column": 3 }
        },
        "line": 35
      },
      "4": {
        "name": "onClick",
        "decl": {
          "start": { "line": 53, "column": 23 },
          "end": { "line": 53, "column": 46 }
        },
        "loc": {
          "start": { "line": 53, "column": 23 },
          "end": { "line": 53, "column": 46 }
        },
        "line": 53
      }
    },
    "f": { "0": 0, "1": 7, "2": 1, "3": 1, "4": 1 }
  },
  "D:\\CODES\\Redux\\react-router-app\\app\\state\\features\\pickCards\\PickCards.tsx": {
    "path": "D:\\CODES\\Redux\\react-router-app\\app\\state\\features\\pickCards\\PickCards.tsx",
    "all": false,
    "statementMap": {
      "0": {
        "start": { "line": 1, "column": 0 },
        "end": { "line": 1, "column": 47 }
      },
      "1": {
        "start": { "line": 2, "column": 0 },
        "end": { "line": 2, "column": 55 }
      },
      "2": {
        "start": { "line": 3, "column": 0 },
        "end": { "line": 3, "column": 29 }
      },
      "3": {
        "start": { "line": 4, "column": 0 },
        "end": { "line": 4, "column": 54 }
      },
      "4": {
        "start": { "line": 5, "column": 0 },
        "end": { "line": 5, "column": 51 }
      },
      "5": {
        "start": { "line": 6, "column": 0 },
        "end": { "line": 6, "column": 0 }
      },
      "6": {
        "start": { "line": 7, "column": 0 },
        "end": { "line": 7, "column": 14 }
      },
      "7": {
        "start": { "line": 8, "column": 0 },
        "end": { "line": 8, "column": 18 }
      },
      "8": {
        "start": { "line": 9, "column": 0 },
        "end": { "line": 9, "column": 2 }
      },
      "9": {
        "start": { "line": 10, "column": 0 },
        "end": { "line": 10, "column": 37 }
      },
      "10": {
        "start": { "line": 11, "column": 0 },
        "end": { "line": 11, "column": 33 }
      },
      "11": {
        "start": { "line": 12, "column": 0 },
        "end": { "line": 12, "column": 0 }
      },
      "12": {
        "start": { "line": 13, "column": 0 },
        "end": { "line": 13, "column": 36 }
      },
      "13": {
        "start": { "line": 14, "column": 0 },
        "end": { "line": 14, "column": 59 }
      },
      "14": {
        "start": { "line": 15, "column": 0 },
        "end": { "line": 15, "column": 4 }
      },
      "15": {
        "start": { "line": 16, "column": 0 },
        "end": { "line": 16, "column": 0 }
      },
      "16": {
        "start": { "line": 17, "column": 0 },
        "end": { "line": 17, "column": 35 }
      },
      "17": {
        "start": { "line": 18, "column": 0 },
        "end": { "line": 18, "column": 51 }
      },
      "18": {
        "start": { "line": 19, "column": 0 },
        "end": { "line": 19, "column": 0 }
      },
      "19": {
        "start": { "line": 20, "column": 0 },
        "end": { "line": 20, "column": 60 }
      },
      "20": {
        "start": { "line": 21, "column": 0 },
        "end": { "line": 21, "column": 37 }
      },
      "21": {
        "start": { "line": 22, "column": 0 },
        "end": { "line": 22, "column": 6 }
      },
      "22": {
        "start": { "line": 23, "column": 0 },
        "end": { "line": 23, "column": 0 }
      },
      "23": {
        "start": { "line": 24, "column": 0 },
        "end": { "line": 24, "column": 36 }
      },
      "24": {
        "start": { "line": 25, "column": 0 },
        "end": { "line": 25, "column": 47 }
      },
      "25": {
        "start": { "line": 26, "column": 0 },
        "end": { "line": 26, "column": 13 }
      },
      "26": {
        "start": { "line": 27, "column": 0 },
        "end": { "line": 27, "column": 5 }
      },
      "27": {
        "start": { "line": 28, "column": 0 },
        "end": { "line": 28, "column": 0 }
      },
      "28": {
        "start": { "line": 29, "column": 0 },
        "end": { "line": 29, "column": 29 }
      },
      "29": {
        "start": { "line": 30, "column": 0 },
        "end": { "line": 30, "column": 67 }
      },
      "30": {
        "start": { "line": 31, "column": 0 },
        "end": { "line": 31, "column": 15 }
      },
      "31": {
        "start": { "line": 32, "column": 0 },
        "end": { "line": 32, "column": 19 }
      },
      "32": {
        "start": { "line": 33, "column": 0 },
        "end": { "line": 33, "column": 21 }
      },
      "33": {
        "start": { "line": 34, "column": 0 },
        "end": { "line": 34, "column": 25 }
      },
      "34": {
        "start": { "line": 35, "column": 0 },
        "end": { "line": 35, "column": 23 }
      },
      "35": {
        "start": { "line": 36, "column": 0 },
        "end": { "line": 36, "column": 10 }
      },
      "36": {
        "start": { "line": 37, "column": 0 },
        "end": { "line": 37, "column": 7 }
      },
      "37": {
        "start": { "line": 38, "column": 0 },
        "end": { "line": 38, "column": 21 }
      },
      "38": {
        "start": { "line": 39, "column": 0 },
        "end": { "line": 39, "column": 21 }
      },
      "39": {
        "start": { "line": 40, "column": 0 },
        "end": { "line": 40, "column": 7 }
      },
      "40": {
        "start": { "line": 41, "column": 0 },
        "end": { "line": 41, "column": 6 }
      },
      "41": {
        "start": { "line": 42, "column": 0 },
        "end": { "line": 42, "column": 0 }
      },
      "42": {
        "start": { "line": 43, "column": 0 },
        "end": { "line": 43, "column": 70 }
      },
      "43": {
        "start": { "line": 44, "column": 0 },
        "end": { "line": 44, "column": 45 }
      },
      "44": {
        "start": { "line": 45, "column": 0 },
        "end": { "line": 45, "column": 42 }
      },
      "45": {
        "start": { "line": 46, "column": 0 },
        "end": { "line": 46, "column": 76 }
      },
      "46": {
        "start": { "line": 47, "column": 0 },
        "end": { "line": 47, "column": 36 }
      },
      "47": {
        "start": { "line": 48, "column": 0 },
        "end": { "line": 48, "column": 17 }
      },
      "48": {
        "start": { "line": 49, "column": 0 },
        "end": { "line": 49, "column": 36 }
      },
      "49": {
        "start": { "line": 50, "column": 0 },
        "end": { "line": 50, "column": 4 }
      },
      "50": {
        "start": { "line": 51, "column": 0 },
        "end": { "line": 51, "column": 10 }
      },
      "51": {
        "start": { "line": 52, "column": 0 },
        "end": { "line": 52, "column": 6 }
      },
      "52": {
        "start": { "line": 53, "column": 0 },
        "end": { "line": 53, "column": 53 }
      },
      "53": {
        "start": { "line": 54, "column": 0 },
        "end": { "line": 54, "column": 78 }
      },
      "54": {
        "start": { "line": 55, "column": 0 },
        "end": { "line": 55, "column": 63 }
      },
      "55": {
        "start": { "line": 56, "column": 0 },
        "end": { "line": 56, "column": 7 }
      },
      "56": {
        "start": { "line": 57, "column": 0 },
        "end": { "line": 57, "column": 4 }
      },
      "57": {
        "start": { "line": 58, "column": 0 },
        "end": { "line": 58, "column": 2 }
      },
      "58": {
        "start": { "line": 59, "column": 0 },
        "end": { "line": 59, "column": 0 }
      },
      "59": {
        "start": { "line": 60, "column": 0 },
        "end": { "line": 60, "column": 25 }
      }
    },
    "s": {
      "0": 1,
      "1": 1,
      "2": 1,
      "3": 1,
      "4": 1,
      "5": 1,
      "6": 1,
      "7": 1,
      "8": 1,
      "9": 1,
      "10": 0,
      "11": 0,
      "12": 0,
      "13": 0,
      "14": 0,
      "15": 0,
      "16": 0,
      "17": 0,
      "18": 0,
      "19": 0,
      "20": 0,
      "21": 0,
      "22": 0,
      "23": 0,
      "24": 0,
      "25": 0,
      "26": 0,
      "27": 0,
      "28": 0,
      "29": 0,
      "30": 0,
      "31": 0,
      "32": 0,
      "33": 0,
      "34": 0,
      "35": 0,
      "36": 0,
      "37": 0,
      "38": 0,
      "39": 0,
      "40": 0,
      "41": 0,
      "42": 0,
      "43": 0,
      "44": 0,
      "45": 0,
      "46": 0,
      "47": 0,
      "48": 0,
      "49": 0,
      "50": 0,
      "51": 0,
      "52": 0,
      "53": 0,
      "54": 0,
      "55": 0,
      "56": 0,
      "57": 0,
      "58": 1,
      "59": 1
    },
    "branchMap": {},
    "b": {},
    "fnMap": {
      "0": {
        "name": "PickCards",
        "decl": {
          "start": { "line": 10, "column": 18 },
          "end": { "line": 58, "column": 2 }
        },
        "loc": {
          "start": { "line": 10, "column": 18 },
          "end": { "line": 58, "column": 2 }
        },
        "line": 10
      }
    },
    "f": { "0": 0 }
  },
  "D:\\CODES\\Redux\\react-router-app\\app\\test_utils\\test_utils.tsx": {
    "path": "D:\\CODES\\Redux\\react-router-app\\app\\test_utils\\test_utils.tsx",
    "all": false,
    "statementMap": {
      "0": {
        "start": { "line": 1, "column": 0 },
        "end": { "line": 1, "column": 49 }
      },
      "1": {
        "start": { "line": 2, "column": 0 },
        "end": { "line": 2, "column": 48 }
      },
      "2": {
        "start": { "line": 3, "column": 0 },
        "end": { "line": 3, "column": 60 }
      },
      "3": {
        "start": { "line": 4, "column": 0 },
        "end": { "line": 4, "column": 56 }
      },
      "4": {
        "start": { "line": 5, "column": 0 },
        "end": { "line": 5, "column": 39 }
      },
      "5": {
        "start": { "line": 6, "column": 0 },
        "end": { "line": 6, "column": 0 }
      },
      "6": {
        "start": { "line": 7, "column": 0 },
        "end": { "line": 7, "column": 58 }
      },
      "7": {
        "start": { "line": 8, "column": 0 },
        "end": { "line": 8, "column": 44 }
      },
      "8": {
        "start": { "line": 9, "column": 0 },
        "end": { "line": 9, "column": 0 }
      },
      "9": {
        "start": { "line": 10, "column": 0 },
        "end": { "line": 10, "column": 72 }
      },
      "10": {
        "start": { "line": 11, "column": 0 },
        "end": { "line": 11, "column": 38 }
      },
      "11": {
        "start": { "line": 12, "column": 0 },
        "end": { "line": 12, "column": 19 }
      },
      "12": {
        "start": { "line": 13, "column": 0 },
        "end": { "line": 13, "column": 1 }
      },
      "13": {
        "start": { "line": 14, "column": 0 },
        "end": { "line": 14, "column": 0 }
      },
      "14": {
        "start": { "line": 15, "column": 0 },
        "end": { "line": 15, "column": 36 }
      },
      "15": {
        "start": { "line": 16, "column": 0 },
        "end": { "line": 16, "column": 25 }
      },
      "16": {
        "start": { "line": 17, "column": 0 },
        "end": { "line": 17, "column": 51 }
      },
      "17": {
        "start": { "line": 18, "column": 0 },
        "end": { "line": 18, "column": 3 }
      },
      "18": {
        "start": { "line": 19, "column": 0 },
        "end": { "line": 19, "column": 9 }
      },
      "19": {
        "start": { "line": 20, "column": 0 },
        "end": { "line": 20, "column": 24 }
      },
      "20": {
        "start": { "line": 21, "column": 0 },
        "end": { "line": 21, "column": 39 }
      },
      "21": {
        "start": { "line": 22, "column": 0 },
        "end": { "line": 22, "column": 20 }
      },
      "22": {
        "start": { "line": 23, "column": 0 },
        "end": { "line": 23, "column": 28 }
      },
      "23": {
        "start": { "line": 24, "column": 0 },
        "end": { "line": 24, "column": 0 }
      },
      "24": {
        "start": { "line": 25, "column": 0 },
        "end": { "line": 25, "column": 20 }
      },
      "25": {
        "start": { "line": 26, "column": 0 },
        "end": { "line": 26, "column": 13 }
      },
      "26": {
        "start": { "line": 27, "column": 0 },
        "end": { "line": 27, "column": 56 }
      },
      "27": {
        "start": { "line": 28, "column": 0 },
        "end": { "line": 28, "column": 28 }
      },
      "28": {
        "start": { "line": 29, "column": 0 },
        "end": { "line": 29, "column": 47 }
      },
      "29": {
        "start": { "line": 30, "column": 0 },
        "end": { "line": 30, "column": 15 }
      },
      "30": {
        "start": { "line": 31, "column": 0 },
        "end": { "line": 31, "column": 4 }
      },
      "31": {
        "start": { "line": 32, "column": 0 },
        "end": { "line": 32, "column": 0 }
      },
      "32": {
        "start": { "line": 33, "column": 0 },
        "end": { "line": 33, "column": 74 }
      },
      "33": {
        "start": { "line": 34, "column": 0 },
        "end": { "line": 34, "column": 1 }
      }
    },
    "s": {
      "0": 1,
      "1": 1,
      "2": 1,
      "3": 1,
      "4": 1,
      "5": 1,
      "6": 1,
      "7": 1,
      "8": 1,
      "9": 1,
      "10": 1,
      "11": 1,
      "12": 1,
      "13": 1,
      "14": 5,
      "15": 5,
      "16": 5,
      "17": 5,
      "18": 5,
      "19": 5,
      "20": 5,
      "21": 5,
      "22": 5,
      "23": 5,
      "24": 5,
      "25": 5,
      "26": 5,
      "27": 5,
      "28": 5,
      "29": 5,
      "30": 5,
      "31": 5,
      "32": 5,
      "33": 5
    },
    "branchMap": {
      "0": {
        "type": "branch",
        "line": 15,
        "loc": {
          "start": { "line": 15, "column": 0 },
          "end": { "line": 34, "column": 1 }
        },
        "locations": [
          {
            "start": { "line": 15, "column": 0 },
            "end": { "line": 34, "column": 1 }
          }
        ]
      },
      "1": {
        "type": "branch",
        "line": 25,
        "loc": {
          "start": { "line": 25, "column": 18 },
          "end": { "line": 30, "column": 15 }
        },
        "locations": [
          {
            "start": { "line": 25, "column": 18 },
            "end": { "line": 30, "column": 15 }
          }
        ]
      }
    },
    "b": { "0": [5], "1": [5] },
    "fnMap": {
      "0": {
        "name": "renderWithProviders",
        "decl": {
          "start": { "line": 15, "column": 0 },
          "end": { "line": 34, "column": 1 }
        },
        "loc": {
          "start": { "line": 15, "column": 0 },
          "end": { "line": 34, "column": 1 }
        },
        "line": 15
      },
      "1": {
        "name": "Wrapper",
        "decl": {
          "start": { "line": 25, "column": 18 },
          "end": { "line": 30, "column": 15 }
        },
        "loc": {
          "start": { "line": 25, "column": 18 },
          "end": { "line": 30, "column": 15 }
        },
        "line": 25
      }
    },
    "f": { "0": 5, "1": 5 }
  }
}
