TN:
SF:app\components\card\Card.tsx
FN:7,Card
FN:13,handleCheckboxClick
FNF:2
FNH:2
FNDA:35,Card
FNDA:2,handleCheckboxClick
DA:1,1
DA:2,1
DA:3,1
DA:4,1
DA:5,1
DA:6,1
DA:7,1
DA:8,35
DA:9,35
DA:10,35
DA:11,35
DA:12,35
DA:13,35
DA:14,2
DA:15,2
DA:16,35
DA:17,35
DA:18,35
DA:19,35
DA:20,35
DA:21,35
DA:22,35
DA:23,35
DA:24,35
DA:25,35
DA:26,35
DA:27,35
DA:28,35
DA:29,35
DA:30,35
DA:31,35
DA:32,35
DA:33,35
LF:33
LH:33
BRDA:7,0,0,35
BRDA:10,1,0,58
BRDA:13,2,0,2
BRF:3
BRH:3
end_of_record
TN:
SF:app\components\card-list\CardList.tsx
FN:10,Results
FN:28,onClick
FNF:2
FNH:2
FNDA:14,Results
FNDA:1,onClick
DA:1,1
DA:2,1
DA:3,1
DA:4,1
DA:5,1
DA:6,1
DA:7,1
DA:8,1
DA:9,1
DA:10,1
DA:11,14
DA:12,14
DA:13,14
DA:14,14
DA:15,14
DA:16,14
DA:17,14
DA:18,14
DA:19,12
DA:20,14
DA:21,14
DA:22,14
DA:23,14
DA:24,14
DA:25,78
DA:26,78
DA:27,78
DA:28,78
DA:29,78
DA:30,78
DA:31,78
DA:32,78
DA:33,78
DA:34,14
DA:35,14
DA:36,14
DA:37,14
DA:38,14
DA:39,14
DA:40,14
DA:41,1
DA:42,1
LF:42
LH:42
BRDA:10,0,0,14
BRDA:36,1,0,1
BRDA:15,2,0,24
BRDA:18,3,0,12
BRDA:24,4,0,78
BRDA:28,5,0,1
BRF:6
BRH:6
end_of_record
TN:
SF:app\components\error-button\ErrorButton.tsx
FN:4,ErrorButton
FN:7,errorThrown
FNF:2
FNH:2
FNDA:14,ErrorButton
FNDA:2,errorThrown
DA:1,1
DA:2,1
DA:3,1
DA:4,1
DA:5,14
DA:6,14
DA:7,14
DA:8,2
DA:9,14
DA:10,14
DA:11,14
DA:12,2
DA:13,2
DA:14,11
DA:15,11
DA:16,11
DA:17,11
DA:18,11
DA:19,11
DA:20,1
DA:21,1
LF:21
LH:21
BRDA:4,0,0,14
BRDA:11,1,0,2
BRDA:14,2,0,11
BRDA:7,3,0,2
BRF:4
BRH:4
end_of_record
TN:
SF:app\components\loader\Loader.tsx
FN:3,Loader
FNF:1
FNH:1
FNDA:2,Loader
DA:1,1
DA:2,1
DA:3,1
DA:4,2
DA:5,2
DA:6,2
DA:7,2
DA:8,2
DA:9,2
DA:10,1
DA:11,1
LF:11
LH:11
BRDA:3,0,0,2
BRF:1
BRH:1
end_of_record
TN:
SF:app\components\pagination\Pagination.tsx
FN:13,Pagination
FN:16,clickPagination
FN:33,onClick
FN:42,onClick
FNF:4
FNH:4
FNDA:13,Pagination
FNDA:4,clickPagination
FNDA:3,onClick
FNDA:1,onClick
DA:1,1
DA:2,1
DA:3,1
DA:4,1
DA:5,1
DA:6,1
DA:7,1
DA:8,1
DA:9,1
DA:10,1
DA:11,1
DA:12,1
DA:13,1
DA:14,13
DA:15,13
DA:16,13
DA:17,4
DA:18,4
DA:19,3
DA:20,3
DA:21,3
DA:22,3
DA:23,3
DA:24,4
DA:25,13
DA:26,13
DA:27,13
DA:28,13
DA:29,13
DA:30,13
DA:31,13
DA:32,13
DA:33,13
DA:34,13
DA:35,13
DA:36,13
DA:37,13
DA:38,13
DA:39,13
DA:40,13
DA:41,13
DA:42,13
DA:43,13
DA:44,13
DA:45,13
DA:46,13
DA:47,13
DA:48,13
DA:49,13
DA:50,13
DA:51,13
LF:51
LH:51
BRDA:13,0,0,13
BRDA:31,1,0,1
BRDA:31,2,0,12
BRDA:40,3,0,1
BRDA:40,4,0,12
BRDA:16,5,0,4
BRDA:18,6,0,3
BRDA:20,7,0,1
BRDA:21,8,0,1
BRDA:22,9,0,0
BRDA:24,10,0,1
BRDA:33,11,0,3
BRDA:42,12,0,1
BRF:13
BRH:12
end_of_record
TN:
SF:app\components\search-bar\SearchBar.tsx
FN:7,SearchBar
FN:11,clickSearch
FN:16,changeInput
FN:22,handleSubmit
FN:32,onChange
FNF:5
FNH:5
FNDA:17,SearchBar
FNDA:3,clickSearch
FNDA:2,changeInput
FNDA:3,handleSubmit
FNDA:2,onChange
DA:1,1
DA:2,1
DA:3,1
DA:4,1
DA:5,1
DA:6,1
DA:7,1
DA:8,17
DA:9,17
DA:10,17
DA:11,17
DA:12,3
DA:13,3
DA:14,17
DA:15,17
DA:16,17
DA:17,17
DA:18,17
DA:19,15
DA:20,17
DA:21,17
DA:22,17
DA:23,3
DA:24,3
DA:25,17
DA:26,17
DA:27,17
DA:28,17
DA:29,17
DA:30,17
DA:31,17
DA:32,17
DA:33,17
DA:34,17
DA:35,17
DA:36,17
DA:37,17
DA:38,17
DA:39,17
DA:40,17
DA:41,17
DA:42,17
DA:43,17
DA:44,1
DA:45,1
LF:45
LH:45
BRDA:7,0,0,17
BRDA:11,1,0,3
BRDA:16,2,0,2
BRDA:18,3,0,15
BRDA:19,4,0,10
BRDA:19,5,0,2
BRDA:22,6,0,3
BRDA:32,7,0,2
BRF:8
BRH:8
end_of_record
TN:
SF:app\components\theme-controls\ThemeControls.tsx
FN:4,ThemeControls
FNF:1
FNH:1
FNDA:12,ThemeControls
DA:1,1
DA:2,1
DA:3,1
DA:4,1
DA:5,12
DA:6,12
DA:7,12
DA:8,12
DA:9,12
DA:10,12
DA:11,12
DA:12,12
DA:13,12
DA:14,12
DA:15,12
DA:16,12
DA:17,12
DA:18,12
DA:19,12
DA:20,12
DA:21,12
DA:22,12
DA:23,12
DA:24,12
DA:25,12
DA:26,12
DA:27,12
DA:28,12
DA:29,12
DA:30,12
DA:31,12
DA:32,1
DA:33,1
LF:33
LH:33
BRDA:4,0,0,12
BRF:1
BRH:1
end_of_record
TN:
SF:app\context\ThemeContext.tsx
FN:14,ThemeProvider
FN:23,toggleTheme
FN:34,useTheme
FNF:3
FNH:3
FNDA:14,ThemeProvider
FNDA:2,toggleTheme
FNDA:12,useTheme
DA:1,1
DA:2,1
DA:3,1
DA:4,1
DA:5,1
DA:6,1
DA:7,1
DA:8,1
DA:9,1
DA:10,1
DA:11,1
DA:12,1
DA:13,1
DA:14,1
DA:15,14
DA:16,14
DA:17,14
DA:18,14
DA:19,12
DA:20,12
DA:21,14
DA:22,14
DA:23,14
DA:24,2
DA:25,14
DA:26,14
DA:27,14
DA:28,14
DA:29,14
DA:30,14
DA:31,14
DA:32,14
DA:33,1
DA:34,1
DA:35,12
DA:36,12
DA:37,0
DA:38,0
DA:39,12
DA:40,12
LF:40
LH:38
BRDA:14,0,0,14
BRDA:18,1,0,12
BRDA:23,2,0,2
BRDA:24,3,0,2
BRDA:24,4,0,1
BRDA:24,5,0,1
BRDA:34,6,0,12
BRDA:36,7,0,0
BRF:8
BRH:7
end_of_record
TN:
SF:app\routes\details.tsx
FN:10,Details
FN:21,handleClickClose
FNF:2
FNH:2
FNDA:4,Details
FNDA:1,handleClickClose
DA:1,1
DA:2,1
DA:3,1
DA:4,1
DA:5,1
DA:6,1
DA:7,1
DA:8,1
DA:9,1
DA:10,4
DA:11,4
DA:12,4
DA:13,4
DA:14,4
DA:15,4
DA:16,4
DA:17,4
DA:18,4
DA:19,4
DA:20,4
DA:21,4
DA:22,1
DA:23,1
DA:24,4
DA:25,4
DA:26,4
DA:27,1
DA:28,1
DA:29,3
DA:30,4
DA:31,1
DA:32,1
DA:33,2
DA:34,2
DA:35,2
DA:36,2
DA:37,4
DA:38,4
DA:39,4
DA:40,4
DA:41,4
DA:42,4
DA:43,4
DA:44,4
DA:45,4
LF:45
LH:45
BRDA:10,0,0,4
BRDA:26,1,0,1
BRDA:29,2,0,3
BRDA:30,3,0,2
BRDA:30,4,0,1
BRDA:33,5,0,2
BRDA:38,6,0,2
BRDA:39,7,0,2
BRDA:39,8,0,1
BRDA:40,9,0,2
BRDA:40,10,0,1
BRDA:21,11,0,1
BRDA:22,12,0,0
BRF:13
BRH:12
end_of_record
TN:
SF:app\routes\home.tsx
FN:13,meta
FN:20,Home
FN:31,handleSearch
FN:35,handleListClick
FN:53,onClick
FNF:5
FNH:4
FNDA:0,meta
FNDA:7,Home
FNDA:1,handleSearch
FNDA:1,handleListClick
FNDA:1,onClick
DA:1,1
DA:2,1
DA:3,1
DA:4,1
DA:5,1
DA:6,1
DA:7,1
DA:8,1
DA:9,1
DA:10,1
DA:11,1
DA:12,1
DA:13,0
DA:14,0
DA:15,0
DA:16,0
DA:17,0
DA:18,0
DA:19,1
DA:20,7
DA:21,7
DA:22,7
DA:23,7
DA:24,7
DA:25,7
DA:26,7
DA:27,7
DA:28,7
DA:29,7
DA:30,7
DA:31,7
DA:32,1
DA:33,7
DA:34,7
DA:35,7
DA:36,1
DA:37,1
DA:38,1
DA:39,7
DA:40,7
DA:41,7
DA:42,7
DA:43,7
DA:44,7
DA:45,7
DA:46,7
DA:47,7
DA:48,7
DA:49,5
DA:50,5
DA:51,5
DA:52,5
DA:53,5
DA:54,5
DA:55,5
DA:56,5
DA:57,5
DA:58,5
DA:59,5
DA:60,5
DA:61,7
DA:62,7
DA:63,7
DA:64,7
DA:65,7
DA:66,7
LF:66
LH:60
BRDA:20,0,0,7
BRDA:47,1,0,1
BRDA:48,2,0,6
BRDA:48,3,0,5
BRDA:63,4,0,1
BRDA:31,5,0,1
BRDA:35,6,0,1
BRDA:53,7,0,1
BRF:8
BRH:8
end_of_record
TN:
SF:app\state\features\pickCards\PickCards.tsx
FN:12,PickCards
FN:22,handleDownloadCSV
FN:63,onClick
FNF:3
FNH:3
FNDA:5,PickCards
FNDA:2,handleDownloadCSV
FNDA:1,onClick
DA:1,1
DA:2,1
DA:3,1
DA:4,1
DA:5,1
DA:6,1
DA:7,1
DA:8,1
DA:9,1
DA:10,1
DA:11,1
DA:12,1
DA:13,5
DA:14,5
DA:15,5
DA:16,5
DA:17,5
DA:18,5
DA:19,5
DA:20,5
DA:21,5
DA:22,5
DA:23,2
DA:24,2
DA:25,2
DA:26,7
DA:27,2
DA:28,2
DA:29,2
DA:30,1
DA:31,1
DA:32,1
DA:33,1
DA:34,1
DA:35,1
DA:36,1
DA:37,1
DA:38,1
DA:39,1
DA:40,1
DA:41,1
DA:42,1
DA:43,1
DA:44,1
DA:45,1
DA:46,1
DA:47,1
DA:48,1
DA:49,1
DA:50,1
DA:51,1
DA:52,0
DA:53,0
DA:54,0
DA:55,0
DA:56,0
DA:57,0
DA:58,1
DA:59,5
DA:60,5
DA:61,5
DA:62,5
DA:63,5
DA:64,5
DA:65,5
DA:66,5
DA:67,5
DA:68,5
DA:69,5
DA:70,5
DA:71,5
DA:72,5
DA:73,5
DA:74,5
DA:75,5
DA:76,5
DA:77,5
DA:78,1
DA:79,1
LF:79
LH:73
BRDA:12,0,0,5
BRDA:19,1,0,9
BRDA:22,2,0,2
BRDA:23,3,0,0
BRDA:29,4,0,1
BRDA:25,5,0,7
BRDA:35,6,0,1
BRDA:63,7,0,1
BRF:8
BRH:7
end_of_record
TN:
SF:app\test_utils\test_utils.tsx
FN:15,renderWithProviders
FN:25,Wrapper
FNF:2
FNH:2
FNDA:9,renderWithProviders
FNDA:9,Wrapper
DA:1,1
DA:2,1
DA:3,1
DA:4,1
DA:5,1
DA:6,1
DA:7,1
DA:8,1
DA:9,1
DA:10,1
DA:11,1
DA:12,1
DA:13,1
DA:14,1
DA:15,9
DA:16,9
DA:17,9
DA:18,9
DA:19,9
DA:20,9
DA:21,9
DA:22,9
DA:23,9
DA:24,9
DA:25,9
DA:26,9
DA:27,9
DA:28,9
DA:29,9
DA:30,9
DA:31,9
DA:32,9
DA:33,9
DA:34,9
LF:34
LH:34
BRDA:15,0,0,9
BRDA:25,1,0,9
BRF:2
BRH:2
end_of_record
